[0.150s] DEBUG:colcon:Command line arguments: ['/usr/bin/colcon', 'build']
[0.150s] DEBUG:colcon:Parsed command line arguments: Namespace(log_base=None, log_level=None, verb_name='build', build_base='build', install_base='install', merge_install=False, symlink_install=False, test_result_base=None, continue_on_error=False, executor='parallel', parallel_workers=12, event_handlers=None, ignore_user_meta=False, metas=['./colcon.meta'], base_paths=['.'], packages_ignore=None, packages_ignore_regex=None, paths=None, packages_up_to=None, packages_up_to_regex=None, packages_above=None, packages_above_and_dependencies=None, packages_above_depth=None, packages_select_by_dep=None, packages_skip_by_dep=None, packages_skip_up_to=None, packages_select_build_failed=False, packages_skip_build_finished=False, packages_select_test_failures=False, packages_skip_test_passed=False, packages_select=None, packages_skip=None, packages_select_regex=None, packages_skip_regex=None, packages_start=None, packages_end=None, allow_overriding=[], cmake_args=None, cmake_target=None, cmake_target_skip_unavailable=False, cmake_clean_cache=False, cmake_clean_first=False, cmake_force_configure=False, ament_cmake_args=None, catkin_cmake_args=None, catkin_skip_building_tests=False, mixin_files=None, mixin=None, verb_parser=<colcon_mixin.mixin.mixin_argument.MixinArgumentDecorator object at 0x743c786161d0>, verb_extension=<colcon_core.verb.build.BuildVerb object at 0x743c78615d20>, main=<bound method BuildVerb.main of <colcon_core.verb.build.BuildVerb object at 0x743c78615d20>>, mixin_verb=('build',))
[0.290s] Level 1:colcon.colcon_core.package_discovery:discover_packages(colcon_meta) check parameters
[0.290s] Level 1:colcon.colcon_core.package_discovery:discover_packages(recursive) check parameters
[0.290s] Level 1:colcon.colcon_core.package_discovery:discover_packages(ignore) check parameters
[0.290s] Level 1:colcon.colcon_core.package_discovery:discover_packages(path) check parameters
[0.290s] Level 1:colcon.colcon_core.package_discovery:discover_packages(colcon_meta) discover
[0.290s] Level 1:colcon.colcon_core.package_discovery:discover_packages(recursive) discover
[0.290s] INFO:colcon.colcon_core.package_discovery:Crawling recursively for packages in '/home/matija-pongracic/PAS/PAS_DZ_01'
[0.291s] Level 1:colcon.colcon_core.package_identification:_identify(.) by extensions ['ignore', 'ignore_ament_install']
[0.291s] Level 1:colcon.colcon_core.package_identification:_identify(.) by extension 'ignore'
[0.291s] Level 1:colcon.colcon_core.package_identification:_identify(.) by extension 'ignore_ament_install'
[0.291s] Level 1:colcon.colcon_core.package_identification:_identify(.) by extensions ['colcon_pkg']
[0.291s] Level 1:colcon.colcon_core.package_identification:_identify(.) by extension 'colcon_pkg'
[0.291s] Level 1:colcon.colcon_core.package_identification:_identify(.) by extensions ['colcon_meta']
[0.291s] Level 1:colcon.colcon_core.package_identification:_identify(.) by extension 'colcon_meta'
[0.291s] Level 1:colcon.colcon_core.package_identification:_identify(.) by extensions ['ros']
[0.291s] Level 1:colcon.colcon_core.package_identification:_identify(.) by extension 'ros'
[0.299s] Level 1:colcon.colcon_core.package_identification:_identify(.) by extensions ['cmake', 'python']
[0.299s] Level 1:colcon.colcon_core.package_identification:_identify(.) by extension 'cmake'
[0.299s] Level 1:colcon.colcon_core.package_identification:_identify(.) by extension 'python'
[0.299s] Level 1:colcon.colcon_core.package_identification:_identify(.) by extensions ['python_setup_py']
[0.299s] Level 1:colcon.colcon_core.package_identification:_identify(.) by extension 'python_setup_py'
[0.299s] Level 1:colcon.colcon_core.package_identification:_identify(build) by extensions ['ignore', 'ignore_ament_install']
[0.299s] Level 1:colcon.colcon_core.package_identification:_identify(build) by extension 'ignore'
[0.299s] Level 1:colcon.colcon_core.package_identification:_identify(build) ignored
[0.299s] Level 1:colcon.colcon_core.package_identification:_identify(install) by extensions ['ignore', 'ignore_ament_install']
[0.299s] Level 1:colcon.colcon_core.package_identification:_identify(install) by extension 'ignore'
[0.299s] Level 1:colcon.colcon_core.package_identification:_identify(install) ignored
[0.299s] Level 1:colcon.colcon_core.package_identification:_identify(log) by extensions ['ignore', 'ignore_ament_install']
[0.300s] Level 1:colcon.colcon_core.package_identification:_identify(log) by extension 'ignore'
[0.300s] Level 1:colcon.colcon_core.package_identification:_identify(log) ignored
[0.300s] Level 1:colcon.colcon_core.package_identification:_identify(src) by extensions ['ignore', 'ignore_ament_install']
[0.300s] Level 1:colcon.colcon_core.package_identification:_identify(src) by extension 'ignore'
[0.300s] Level 1:colcon.colcon_core.package_identification:_identify(src) by extension 'ignore_ament_install'
[0.300s] Level 1:colcon.colcon_core.package_identification:_identify(src) by extensions ['colcon_pkg']
[0.300s] Level 1:colcon.colcon_core.package_identification:_identify(src) by extension 'colcon_pkg'
[0.300s] Level 1:colcon.colcon_core.package_identification:_identify(src) by extensions ['colcon_meta']
[0.300s] Level 1:colcon.colcon_core.package_identification:_identify(src) by extension 'colcon_meta'
[0.300s] Level 1:colcon.colcon_core.package_identification:_identify(src) by extensions ['ros']
[0.300s] Level 1:colcon.colcon_core.package_identification:_identify(src) by extension 'ros'
[0.300s] Level 1:colcon.colcon_core.package_identification:_identify(src) by extensions ['cmake', 'python']
[0.300s] Level 1:colcon.colcon_core.package_identification:_identify(src) by extension 'cmake'
[0.300s] Level 1:colcon.colcon_core.package_identification:_identify(src) by extension 'python'
[0.300s] Level 1:colcon.colcon_core.package_identification:_identify(src) by extensions ['python_setup_py']
[0.300s] Level 1:colcon.colcon_core.package_identification:_identify(src) by extension 'python_setup_py'
[0.301s] Level 1:colcon.colcon_core.package_identification:_identify(src/fanuc_m900ib_support) by extensions ['ignore', 'ignore_ament_install']
[0.301s] Level 1:colcon.colcon_core.package_identification:_identify(src/fanuc_m900ib_support) by extension 'ignore'
[0.301s] Level 1:colcon.colcon_core.package_identification:_identify(src/fanuc_m900ib_support) by extension 'ignore_ament_install'
[0.301s] Level 1:colcon.colcon_core.package_identification:_identify(src/fanuc_m900ib_support) by extensions ['colcon_pkg']
[0.301s] Level 1:colcon.colcon_core.package_identification:_identify(src/fanuc_m900ib_support) by extension 'colcon_pkg'
[0.301s] Level 1:colcon.colcon_core.package_identification:_identify(src/fanuc_m900ib_support) by extensions ['colcon_meta']
[0.301s] Level 1:colcon.colcon_core.package_identification:_identify(src/fanuc_m900ib_support) by extension 'colcon_meta'
[0.301s] Level 1:colcon.colcon_core.package_identification:_identify(src/fanuc_m900ib_support) by extensions ['ros']
[0.301s] Level 1:colcon.colcon_core.package_identification:_identify(src/fanuc_m900ib_support) by extension 'ros'
[0.303s] DEBUG:colcon.colcon_core.package_identification:Package 'src/fanuc_m900ib_support' with type 'ros.ament_cmake' and name 'fanuc_m900ib_support'
[0.303s] Level 1:colcon.colcon_core.package_identification:_identify(src/fanuc_resources) by extensions ['ignore', 'ignore_ament_install']
[0.303s] Level 1:colcon.colcon_core.package_identification:_identify(src/fanuc_resources) by extension 'ignore'
[0.303s] Level 1:colcon.colcon_core.package_identification:_identify(src/fanuc_resources) by extension 'ignore_ament_install'
[0.303s] Level 1:colcon.colcon_core.package_identification:_identify(src/fanuc_resources) by extensions ['colcon_pkg']
[0.303s] Level 1:colcon.colcon_core.package_identification:_identify(src/fanuc_resources) by extension 'colcon_pkg'
[0.303s] Level 1:colcon.colcon_core.package_identification:_identify(src/fanuc_resources) by extensions ['colcon_meta']
[0.303s] Level 1:colcon.colcon_core.package_identification:_identify(src/fanuc_resources) by extension 'colcon_meta'
[0.303s] Level 1:colcon.colcon_core.package_identification:_identify(src/fanuc_resources) by extensions ['ros']
[0.303s] Level 1:colcon.colcon_core.package_identification:_identify(src/fanuc_resources) by extension 'ros'
[0.304s] DEBUG:colcon.colcon_core.package_identification:Package 'src/fanuc_resources' with type 'ros.ament_cmake' and name 'fanuc_resources'
[0.304s] Level 1:colcon.colcon_core.package_identification:_identify(src/log) by extensions ['ignore', 'ignore_ament_install']
[0.304s] Level 1:colcon.colcon_core.package_identification:_identify(src/log) by extension 'ignore'
[0.304s] Level 1:colcon.colcon_core.package_identification:_identify(src/log) ignored
[0.304s] Level 1:colcon.colcon_core.package_identification:_identify(src/my_robot_bringup) by extensions ['ignore', 'ignore_ament_install']
[0.304s] Level 1:colcon.colcon_core.package_identification:_identify(src/my_robot_bringup) by extension 'ignore'
[0.305s] Level 1:colcon.colcon_core.package_identification:_identify(src/my_robot_bringup) by extension 'ignore_ament_install'
[0.305s] Level 1:colcon.colcon_core.package_identification:_identify(src/my_robot_bringup) by extensions ['colcon_pkg']
[0.305s] Level 1:colcon.colcon_core.package_identification:_identify(src/my_robot_bringup) by extension 'colcon_pkg'
[0.305s] Level 1:colcon.colcon_core.package_identification:_identify(src/my_robot_bringup) by extensions ['colcon_meta']
[0.305s] Level 1:colcon.colcon_core.package_identification:_identify(src/my_robot_bringup) by extension 'colcon_meta'
[0.305s] Level 1:colcon.colcon_core.package_identification:_identify(src/my_robot_bringup) by extensions ['ros']
[0.305s] Level 1:colcon.colcon_core.package_identification:_identify(src/my_robot_bringup) by extension 'ros'
[0.305s] DEBUG:colcon.colcon_core.package_identification:Package 'src/my_robot_bringup' with type 'ros.ament_cmake' and name 'my_robot_bringup'
[0.305s] Level 1:colcon.colcon_core.package_identification:_identify(src/my_robot_description) by extensions ['ignore', 'ignore_ament_install']
[0.305s] Level 1:colcon.colcon_core.package_identification:_identify(src/my_robot_description) by extension 'ignore'
[0.305s] Level 1:colcon.colcon_core.package_identification:_identify(src/my_robot_description) by extension 'ignore_ament_install'
[0.305s] Level 1:colcon.colcon_core.package_identification:_identify(src/my_robot_description) by extensions ['colcon_pkg']
[0.305s] Level 1:colcon.colcon_core.package_identification:_identify(src/my_robot_description) by extension 'colcon_pkg'
[0.305s] Level 1:colcon.colcon_core.package_identification:_identify(src/my_robot_description) by extensions ['colcon_meta']
[0.305s] Level 1:colcon.colcon_core.package_identification:_identify(src/my_robot_description) by extension 'colcon_meta'
[0.305s] Level 1:colcon.colcon_core.package_identification:_identify(src/my_robot_description) by extensions ['ros']
[0.305s] Level 1:colcon.colcon_core.package_identification:_identify(src/my_robot_description) by extension 'ros'
[0.306s] DEBUG:colcon.colcon_core.package_identification:Package 'src/my_robot_description' with type 'ros.ament_cmake' and name 'my_robot_description'
[0.306s] Level 1:colcon.colcon_core.package_discovery:discover_packages(recursive) using defaults
[0.306s] Level 1:colcon.colcon_core.package_discovery:discover_packages(ignore) discover
[0.306s] Level 1:colcon.colcon_core.package_discovery:discover_packages(ignore) using defaults
[0.306s] Level 1:colcon.colcon_core.package_discovery:discover_packages(path) discover
[0.306s] Level 1:colcon.colcon_core.package_discovery:discover_packages(path) using defaults
[0.330s] Level 1:colcon.colcon_core.package_discovery:discover_packages(prefix_path) check parameters
[0.330s] Level 1:colcon.colcon_core.package_discovery:discover_packages(prefix_path) discover
[0.332s] DEBUG:colcon.colcon_installed_package_information.package_discovery:Found 329 installed packages in /opt/ros/humble
[0.333s] Level 1:colcon.colcon_core.package_discovery:discover_packages(prefix_path) using defaults
[0.357s] Level 5:colcon.colcon_core.verb:set package 'fanuc_m900ib_support' build argument 'cmake_args' from command line to 'None'
[0.357s] Level 5:colcon.colcon_core.verb:set package 'fanuc_m900ib_support' build argument 'cmake_target' from command line to 'None'
[0.357s] Level 5:colcon.colcon_core.verb:set package 'fanuc_m900ib_support' build argument 'cmake_target_skip_unavailable' from command line to 'False'
[0.357s] Level 5:colcon.colcon_core.verb:set package 'fanuc_m900ib_support' build argument 'cmake_clean_cache' from command line to 'False'
[0.357s] Level 5:colcon.colcon_core.verb:set package 'fanuc_m900ib_support' build argument 'cmake_clean_first' from command line to 'False'
[0.357s] Level 5:colcon.colcon_core.verb:set package 'fanuc_m900ib_support' build argument 'cmake_force_configure' from command line to 'False'
[0.357s] Level 5:colcon.colcon_core.verb:set package 'fanuc_m900ib_support' build argument 'ament_cmake_args' from command line to 'None'
[0.357s] Level 5:colcon.colcon_core.verb:set package 'fanuc_m900ib_support' build argument 'catkin_cmake_args' from command line to 'None'
[0.357s] Level 5:colcon.colcon_core.verb:set package 'fanuc_m900ib_support' build argument 'catkin_skip_building_tests' from command line to 'False'
[0.357s] DEBUG:colcon.colcon_core.verb:Building package 'fanuc_m900ib_support' with the following arguments: {'ament_cmake_args': None, 'build_base': '/home/matija-pongracic/PAS/PAS_DZ_01/build/fanuc_m900ib_support', 'catkin_cmake_args': None, 'catkin_skip_building_tests': False, 'cmake_args': None, 'cmake_clean_cache': False, 'cmake_clean_first': False, 'cmake_force_configure': False, 'cmake_target': None, 'cmake_target_skip_unavailable': False, 'install_base': '/home/matija-pongracic/PAS/PAS_DZ_01/install/fanuc_m900ib_support', 'merge_install': False, 'path': '/home/matija-pongracic/PAS/PAS_DZ_01/src/fanuc_m900ib_support', 'symlink_install': False, 'test_result_base': None}
[0.357s] Level 5:colcon.colcon_core.verb:set package 'fanuc_resources' build argument 'cmake_args' from command line to 'None'
[0.357s] Level 5:colcon.colcon_core.verb:set package 'fanuc_resources' build argument 'cmake_target' from command line to 'None'
[0.357s] Level 5:colcon.colcon_core.verb:set package 'fanuc_resources' build argument 'cmake_target_skip_unavailable' from command line to 'False'
[0.357s] Level 5:colcon.colcon_core.verb:set package 'fanuc_resources' build argument 'cmake_clean_cache' from command line to 'False'
[0.357s] Level 5:colcon.colcon_core.verb:set package 'fanuc_resources' build argument 'cmake_clean_first' from command line to 'False'
[0.357s] Level 5:colcon.colcon_core.verb:set package 'fanuc_resources' build argument 'cmake_force_configure' from command line to 'False'
[0.358s] Level 5:colcon.colcon_core.verb:set package 'fanuc_resources' build argument 'ament_cmake_args' from command line to 'None'
[0.358s] Level 5:colcon.colcon_core.verb:set package 'fanuc_resources' build argument 'catkin_cmake_args' from command line to 'None'
[0.358s] Level 5:colcon.colcon_core.verb:set package 'fanuc_resources' build argument 'catkin_skip_building_tests' from command line to 'False'
[0.358s] DEBUG:colcon.colcon_core.verb:Building package 'fanuc_resources' with the following arguments: {'ament_cmake_args': None, 'build_base': '/home/matija-pongracic/PAS/PAS_DZ_01/build/fanuc_resources', 'catkin_cmake_args': None, 'catkin_skip_building_tests': False, 'cmake_args': None, 'cmake_clean_cache': False, 'cmake_clean_first': False, 'cmake_force_configure': False, 'cmake_target': None, 'cmake_target_skip_unavailable': False, 'install_base': '/home/matija-pongracic/PAS/PAS_DZ_01/install/fanuc_resources', 'merge_install': False, 'path': '/home/matija-pongracic/PAS/PAS_DZ_01/src/fanuc_resources', 'symlink_install': False, 'test_result_base': None}
[0.358s] Level 5:colcon.colcon_core.verb:set package 'my_robot_bringup' build argument 'cmake_args' from command line to 'None'
[0.358s] Level 5:colcon.colcon_core.verb:set package 'my_robot_bringup' build argument 'cmake_target' from command line to 'None'
[0.358s] Level 5:colcon.colcon_core.verb:set package 'my_robot_bringup' build argument 'cmake_target_skip_unavailable' from command line to 'False'
[0.358s] Level 5:colcon.colcon_core.verb:set package 'my_robot_bringup' build argument 'cmake_clean_cache' from command line to 'False'
[0.358s] Level 5:colcon.colcon_core.verb:set package 'my_robot_bringup' build argument 'cmake_clean_first' from command line to 'False'
[0.358s] Level 5:colcon.colcon_core.verb:set package 'my_robot_bringup' build argument 'cmake_force_configure' from command line to 'False'
[0.358s] Level 5:colcon.colcon_core.verb:set package 'my_robot_bringup' build argument 'ament_cmake_args' from command line to 'None'
[0.358s] Level 5:colcon.colcon_core.verb:set package 'my_robot_bringup' build argument 'catkin_cmake_args' from command line to 'None'
[0.358s] Level 5:colcon.colcon_core.verb:set package 'my_robot_bringup' build argument 'catkin_skip_building_tests' from command line to 'False'
[0.358s] DEBUG:colcon.colcon_core.verb:Building package 'my_robot_bringup' with the following arguments: {'ament_cmake_args': None, 'build_base': '/home/matija-pongracic/PAS/PAS_DZ_01/build/my_robot_bringup', 'catkin_cmake_args': None, 'catkin_skip_building_tests': False, 'cmake_args': None, 'cmake_clean_cache': False, 'cmake_clean_first': False, 'cmake_force_configure': False, 'cmake_target': None, 'cmake_target_skip_unavailable': False, 'install_base': '/home/matija-pongracic/PAS/PAS_DZ_01/install/my_robot_bringup', 'merge_install': False, 'path': '/home/matija-pongracic/PAS/PAS_DZ_01/src/my_robot_bringup', 'symlink_install': False, 'test_result_base': None}
[0.358s] Level 5:colcon.colcon_core.verb:set package 'my_robot_description' build argument 'cmake_args' from command line to 'None'
[0.358s] Level 5:colcon.colcon_core.verb:set package 'my_robot_description' build argument 'cmake_target' from command line to 'None'
[0.358s] Level 5:colcon.colcon_core.verb:set package 'my_robot_description' build argument 'cmake_target_skip_unavailable' from command line to 'False'
[0.358s] Level 5:colcon.colcon_core.verb:set package 'my_robot_description' build argument 'cmake_clean_cache' from command line to 'False'
[0.358s] Level 5:colcon.colcon_core.verb:set package 'my_robot_description' build argument 'cmake_clean_first' from command line to 'False'
[0.358s] Level 5:colcon.colcon_core.verb:set package 'my_robot_description' build argument 'cmake_force_configure' from command line to 'False'
[0.358s] Level 5:colcon.colcon_core.verb:set package 'my_robot_description' build argument 'ament_cmake_args' from command line to 'None'
[0.358s] Level 5:colcon.colcon_core.verb:set package 'my_robot_description' build argument 'catkin_cmake_args' from command line to 'None'
[0.358s] Level 5:colcon.colcon_core.verb:set package 'my_robot_description' build argument 'catkin_skip_building_tests' from command line to 'False'
[0.358s] DEBUG:colcon.colcon_core.verb:Building package 'my_robot_description' with the following arguments: {'ament_cmake_args': None, 'build_base': '/home/matija-pongracic/PAS/PAS_DZ_01/build/my_robot_description', 'catkin_cmake_args': None, 'catkin_skip_building_tests': False, 'cmake_args': None, 'cmake_clean_cache': False, 'cmake_clean_first': False, 'cmake_force_configure': False, 'cmake_target': None, 'cmake_target_skip_unavailable': False, 'install_base': '/home/matija-pongracic/PAS/PAS_DZ_01/install/my_robot_description', 'merge_install': False, 'path': '/home/matija-pongracic/PAS/PAS_DZ_01/src/my_robot_description', 'symlink_install': False, 'test_result_base': None}
[0.358s] INFO:colcon.colcon_core.executor:Executing jobs using 'parallel' executor
[0.359s] DEBUG:colcon.colcon_parallel_executor.executor.parallel:run_until_complete
[0.359s] INFO:colcon.colcon_ros.task.ament_cmake.build:Building ROS package in '/home/matija-pongracic/PAS/PAS_DZ_01/src/fanuc_m900ib_support' with build type 'ament_cmake'
[0.359s] INFO:colcon.colcon_cmake.task.cmake.build:Building CMake package in '/home/matija-pongracic/PAS/PAS_DZ_01/src/fanuc_m900ib_support'
[0.361s] INFO:colcon.colcon_core.plugin_system:Skipping extension 'colcon_core.shell.bat': Not used on non-Windows systems
[0.361s] INFO:colcon.colcon_core.shell:Skip shell extension 'powershell' for command environment: Not usable outside of PowerShell
[0.361s] DEBUG:colcon.colcon_core.shell:Skip shell extension 'dsv' for command environment
[0.364s] INFO:colcon.colcon_ros.task.ament_cmake.build:Building ROS package in '/home/matija-pongracic/PAS/PAS_DZ_01/src/fanuc_resources' with build type 'ament_cmake'
[0.364s] INFO:colcon.colcon_cmake.task.cmake.build:Building CMake package in '/home/matija-pongracic/PAS/PAS_DZ_01/src/fanuc_resources'
[0.364s] INFO:colcon.colcon_core.shell:Skip shell extension 'powershell' for command environment: Not usable outside of PowerShell
[0.364s] DEBUG:colcon.colcon_core.shell:Skip shell extension 'dsv' for command environment
[0.365s] INFO:colcon.colcon_ros.task.ament_cmake.build:Building ROS package in '/home/matija-pongracic/PAS/PAS_DZ_01/src/my_robot_bringup' with build type 'ament_cmake'
[0.366s] INFO:colcon.colcon_cmake.task.cmake.build:Building CMake package in '/home/matija-pongracic/PAS/PAS_DZ_01/src/my_robot_bringup'
[0.366s] INFO:colcon.colcon_core.shell:Skip shell extension 'powershell' for command environment: Not usable outside of PowerShell
[0.366s] DEBUG:colcon.colcon_core.shell:Skip shell extension 'dsv' for command environment
[0.367s] INFO:colcon.colcon_ros.task.ament_cmake.build:Building ROS package in '/home/matija-pongracic/PAS/PAS_DZ_01/src/my_robot_description' with build type 'ament_cmake'
[0.367s] INFO:colcon.colcon_cmake.task.cmake.build:Building CMake package in '/home/matija-pongracic/PAS/PAS_DZ_01/src/my_robot_description'
[0.367s] INFO:colcon.colcon_core.shell:Skip shell extension 'powershell' for command environment: Not usable outside of PowerShell
[0.367s] DEBUG:colcon.colcon_core.shell:Skip shell extension 'dsv' for command environment
[0.372s] DEBUG:colcon.colcon_core.event_handler.log_command:Invoking command in '/home/matija-pongracic/PAS/PAS_DZ_01/build/fanuc_m900ib_support': CMAKE_PREFIX_PATH=/opt/ros/humble /usr/bin/cmake --build /home/matija-pongracic/PAS/PAS_DZ_01/build/fanuc_m900ib_support -- -j12 -l12
[0.375s] DEBUG:colcon.colcon_core.event_handler.log_command:Invoking command in '/home/matija-pongracic/PAS/PAS_DZ_01/build/fanuc_resources': CMAKE_PREFIX_PATH=/opt/ros/humble /usr/bin/cmake --build /home/matija-pongracic/PAS/PAS_DZ_01/build/fanuc_resources -- -j12 -l12
[0.377s] DEBUG:colcon.colcon_core.event_handler.log_command:Invoking command in '/home/matija-pongracic/PAS/PAS_DZ_01/build/my_robot_bringup': CMAKE_PREFIX_PATH=/opt/ros/humble /usr/bin/cmake --build /home/matija-pongracic/PAS/PAS_DZ_01/build/my_robot_bringup -- -j12 -l12
[0.383s] DEBUG:colcon.colcon_core.event_handler.log_command:Invoking command in '/home/matija-pongracic/PAS/PAS_DZ_01/build/my_robot_description': CMAKE_PREFIX_PATH=/opt/ros/humble /usr/bin/cmake --build /home/matija-pongracic/PAS/PAS_DZ_01/build/my_robot_description -- -j12 -l12
[0.431s] DEBUG:colcon.colcon_core.event_handler.log_command:Invoked command in '/home/matija-pongracic/PAS/PAS_DZ_01/build/fanuc_resources' returned '0': CMAKE_PREFIX_PATH=/opt/ros/humble /usr/bin/cmake --build /home/matija-pongracic/PAS/PAS_DZ_01/build/fanuc_resources -- -j12 -l12
[0.443s] DEBUG:colcon.colcon_core.event_handler.log_command:Invoking command in '/home/matija-pongracic/PAS/PAS_DZ_01/build/fanuc_resources': CMAKE_PREFIX_PATH=/opt/ros/humble /usr/bin/cmake --install /home/matija-pongracic/PAS/PAS_DZ_01/build/fanuc_resources
[0.444s] DEBUG:colcon.colcon_core.event_handler.log_command:Invoked command in '/home/matija-pongracic/PAS/PAS_DZ_01/build/my_robot_description' returned '0': CMAKE_PREFIX_PATH=/opt/ros/humble /usr/bin/cmake --build /home/matija-pongracic/PAS/PAS_DZ_01/build/my_robot_description -- -j12 -l12
[0.446s] DEBUG:colcon.colcon_core.event_handler.log_command:Invoking command in '/home/matija-pongracic/PAS/PAS_DZ_01/build/my_robot_description': CMAKE_PREFIX_PATH=/opt/ros/humble /usr/bin/cmake --install /home/matija-pongracic/PAS/PAS_DZ_01/build/my_robot_description
[0.446s] DEBUG:colcon.colcon_core.event_handler.log_command:Invoked command in '/home/matija-pongracic/PAS/PAS_DZ_01/build/my_robot_bringup' returned '0': CMAKE_PREFIX_PATH=/opt/ros/humble /usr/bin/cmake --build /home/matija-pongracic/PAS/PAS_DZ_01/build/my_robot_bringup -- -j12 -l12
[0.448s] DEBUG:colcon.colcon_core.event_handler.log_command:Invoking command in '/home/matija-pongracic/PAS/PAS_DZ_01/build/my_robot_bringup': CMAKE_PREFIX_PATH=/opt/ros/humble /usr/bin/cmake --install /home/matija-pongracic/PAS/PAS_DZ_01/build/my_robot_bringup
[0.449s] DEBUG:colcon.colcon_core.event_handler.log_command:Invoked command in '/home/matija-pongracic/PAS/PAS_DZ_01/build/fanuc_m900ib_support' returned '0': CMAKE_PREFIX_PATH=/opt/ros/humble /usr/bin/cmake --build /home/matija-pongracic/PAS/PAS_DZ_01/build/fanuc_m900ib_support -- -j12 -l12
[0.453s] DEBUG:colcon.colcon_core.event_handler.log_command:Invoking command in '/home/matija-pongracic/PAS/PAS_DZ_01/build/fanuc_m900ib_support': CMAKE_PREFIX_PATH=/opt/ros/humble /usr/bin/cmake --install /home/matija-pongracic/PAS/PAS_DZ_01/build/fanuc_m900ib_support
[0.455s] Level 1:colcon.colcon_core.environment:create_environment_scripts_only(fanuc_resources)
[0.457s] DEBUG:colcon.colcon_core.event_handler.log_command:Invoked command in '/home/matija-pongracic/PAS/PAS_DZ_01/build/fanuc_resources' returned '0': CMAKE_PREFIX_PATH=/opt/ros/humble /usr/bin/cmake --install /home/matija-pongracic/PAS/PAS_DZ_01/build/fanuc_resources
[0.468s] Level 1:colcon.colcon_core.environment:checking '/home/matija-pongracic/PAS/PAS_DZ_01/install/fanuc_resources' for CMake module files
[0.468s] Level 1:colcon.colcon_core.environment:checking '/home/matija-pongracic/PAS/PAS_DZ_01/install/fanuc_resources' for CMake config files
[0.469s] Level 1:colcon.colcon_core.shell:create_environment_hook('fanuc_resources', 'cmake_prefix_path')
[0.469s] INFO:colcon.colcon_core.shell:Creating environment hook '/home/matija-pongracic/PAS/PAS_DZ_01/install/fanuc_resources/share/fanuc_resources/hook/cmake_prefix_path.ps1'
[0.470s] INFO:colcon.colcon_core.shell:Creating environment descriptor '/home/matija-pongracic/PAS/PAS_DZ_01/install/fanuc_resources/share/fanuc_resources/hook/cmake_prefix_path.dsv'
[0.471s] INFO:colcon.colcon_core.shell:Creating environment hook '/home/matija-pongracic/PAS/PAS_DZ_01/install/fanuc_resources/share/fanuc_resources/hook/cmake_prefix_path.sh'
[0.472s] Level 1:colcon.colcon_core.environment:checking '/home/matija-pongracic/PAS/PAS_DZ_01/install/fanuc_resources/bin'
[0.473s] Level 1:colcon.colcon_core.environment:checking '/home/matija-pongracic/PAS/PAS_DZ_01/install/fanuc_resources/lib/pkgconfig/fanuc_resources.pc'
[0.473s] Level 1:colcon.colcon_core.environment:checking '/home/matija-pongracic/PAS/PAS_DZ_01/install/fanuc_resources/lib/python3.10/site-packages'
[0.473s] Level 1:colcon.colcon_core.environment:checking '/home/matija-pongracic/PAS/PAS_DZ_01/install/fanuc_resources/bin'
[0.474s] INFO:colcon.colcon_core.shell:Creating package script '/home/matija-pongracic/PAS/PAS_DZ_01/install/fanuc_resources/share/fanuc_resources/package.ps1'
[0.475s] INFO:colcon.colcon_core.shell:Creating package descriptor '/home/matija-pongracic/PAS/PAS_DZ_01/install/fanuc_resources/share/fanuc_resources/package.dsv'
[0.477s] INFO:colcon.colcon_core.shell:Creating package script '/home/matija-pongracic/PAS/PAS_DZ_01/install/fanuc_resources/share/fanuc_resources/package.sh'
[0.478s] INFO:colcon.colcon_core.shell:Creating package script '/home/matija-pongracic/PAS/PAS_DZ_01/install/fanuc_resources/share/fanuc_resources/package.bash'
[0.478s] INFO:colcon.colcon_core.shell:Creating package script '/home/matija-pongracic/PAS/PAS_DZ_01/install/fanuc_resources/share/fanuc_resources/package.zsh'
[0.479s] Level 1:colcon.colcon_core.environment:create_file_with_runtime_dependencies(/home/matija-pongracic/PAS/PAS_DZ_01/install/fanuc_resources/share/colcon-core/packages/fanuc_resources)
[0.480s] Level 1:colcon.colcon_core.environment:create_environment_scripts_only(fanuc_resources)
[0.480s] Level 1:colcon.colcon_core.environment:checking '/home/matija-pongracic/PAS/PAS_DZ_01/install/fanuc_resources' for CMake module files
[0.480s] Level 1:colcon.colcon_core.environment:checking '/home/matija-pongracic/PAS/PAS_DZ_01/install/fanuc_resources' for CMake config files
[0.480s] Level 1:colcon.colcon_core.shell:create_environment_hook('fanuc_resources', 'cmake_prefix_path')
[0.480s] INFO:colcon.colcon_core.shell:Creating environment hook '/home/matija-pongracic/PAS/PAS_DZ_01/install/fanuc_resources/share/fanuc_resources/hook/cmake_prefix_path.ps1'
[0.481s] INFO:colcon.colcon_core.shell:Creating environment descriptor '/home/matija-pongracic/PAS/PAS_DZ_01/install/fanuc_resources/share/fanuc_resources/hook/cmake_prefix_path.dsv'
[0.481s] INFO:colcon.colcon_core.shell:Creating environment hook '/home/matija-pongracic/PAS/PAS_DZ_01/install/fanuc_resources/share/fanuc_resources/hook/cmake_prefix_path.sh'
[0.481s] Level 1:colcon.colcon_core.environment:checking '/home/matija-pongracic/PAS/PAS_DZ_01/install/fanuc_resources/bin'
[0.481s] Level 1:colcon.colcon_core.environment:checking '/home/matija-pongracic/PAS/PAS_DZ_01/install/fanuc_resources/lib/pkgconfig/fanuc_resources.pc'
[0.482s] Level 1:colcon.colcon_core.environment:checking '/home/matija-pongracic/PAS/PAS_DZ_01/install/fanuc_resources/lib/python3.10/site-packages'
[0.482s] Level 1:colcon.colcon_core.environment:checking '/home/matija-pongracic/PAS/PAS_DZ_01/install/fanuc_resources/bin'
[0.482s] INFO:colcon.colcon_core.shell:Creating package script '/home/matija-pongracic/PAS/PAS_DZ_01/install/fanuc_resources/share/fanuc_resources/package.ps1'
[0.482s] INFO:colcon.colcon_core.shell:Creating package descriptor '/home/matija-pongracic/PAS/PAS_DZ_01/install/fanuc_resources/share/fanuc_resources/package.dsv'
[0.483s] INFO:colcon.colcon_core.shell:Creating package script '/home/matija-pongracic/PAS/PAS_DZ_01/install/fanuc_resources/share/fanuc_resources/package.sh'
[0.483s] INFO:colcon.colcon_core.shell:Creating package script '/home/matija-pongracic/PAS/PAS_DZ_01/install/fanuc_resources/share/fanuc_resources/package.bash'
[0.483s] INFO:colcon.colcon_core.shell:Creating package script '/home/matija-pongracic/PAS/PAS_DZ_01/install/fanuc_resources/share/fanuc_resources/package.zsh'
[0.484s] Level 1:colcon.colcon_core.environment:create_file_with_runtime_dependencies(/home/matija-pongracic/PAS/PAS_DZ_01/install/fanuc_resources/share/colcon-core/packages/fanuc_resources)
[0.485s] Level 1:colcon.colcon_core.environment:create_environment_scripts_only(my_robot_bringup)
[0.486s] Level 1:colcon.colcon_core.environment:checking '/home/matija-pongracic/PAS/PAS_DZ_01/install/my_robot_bringup' for CMake module files
[0.486s] DEBUG:colcon.colcon_core.event_handler.log_command:Invoked command in '/home/matija-pongracic/PAS/PAS_DZ_01/build/my_robot_bringup' returned '0': CMAKE_PREFIX_PATH=/opt/ros/humble /usr/bin/cmake --install /home/matija-pongracic/PAS/PAS_DZ_01/build/my_robot_bringup
[0.487s] Level 1:colcon.colcon_core.environment:checking '/home/matija-pongracic/PAS/PAS_DZ_01/install/my_robot_bringup' for CMake config files
[0.487s] Level 1:colcon.colcon_core.shell:create_environment_hook('my_robot_bringup', 'cmake_prefix_path')
[0.488s] INFO:colcon.colcon_core.shell:Creating environment hook '/home/matija-pongracic/PAS/PAS_DZ_01/install/my_robot_bringup/share/my_robot_bringup/hook/cmake_prefix_path.ps1'
[0.488s] INFO:colcon.colcon_core.shell:Creating environment descriptor '/home/matija-pongracic/PAS/PAS_DZ_01/install/my_robot_bringup/share/my_robot_bringup/hook/cmake_prefix_path.dsv'
[0.489s] INFO:colcon.colcon_core.shell:Creating environment hook '/home/matija-pongracic/PAS/PAS_DZ_01/install/my_robot_bringup/share/my_robot_bringup/hook/cmake_prefix_path.sh'
[0.490s] Level 1:colcon.colcon_core.environment:checking '/home/matija-pongracic/PAS/PAS_DZ_01/install/my_robot_bringup/bin'
[0.490s] Level 1:colcon.colcon_core.environment:checking '/home/matija-pongracic/PAS/PAS_DZ_01/install/my_robot_bringup/lib/pkgconfig/my_robot_bringup.pc'
[0.490s] Level 1:colcon.colcon_core.environment:checking '/home/matija-pongracic/PAS/PAS_DZ_01/install/my_robot_bringup/lib/python3.10/site-packages'
[0.490s] Level 1:colcon.colcon_core.environment:checking '/home/matija-pongracic/PAS/PAS_DZ_01/install/my_robot_bringup/bin'
[0.491s] INFO:colcon.colcon_core.shell:Creating package script '/home/matija-pongracic/PAS/PAS_DZ_01/install/my_robot_bringup/share/my_robot_bringup/package.ps1'
[0.491s] INFO:colcon.colcon_core.shell:Creating package descriptor '/home/matija-pongracic/PAS/PAS_DZ_01/install/my_robot_bringup/share/my_robot_bringup/package.dsv'
[0.492s] INFO:colcon.colcon_core.shell:Creating package script '/home/matija-pongracic/PAS/PAS_DZ_01/install/my_robot_bringup/share/my_robot_bringup/package.sh'
[0.492s] INFO:colcon.colcon_core.shell:Creating package script '/home/matija-pongracic/PAS/PAS_DZ_01/install/my_robot_bringup/share/my_robot_bringup/package.bash'
[0.493s] INFO:colcon.colcon_core.shell:Creating package script '/home/matija-pongracic/PAS/PAS_DZ_01/install/my_robot_bringup/share/my_robot_bringup/package.zsh'
[0.493s] Level 1:colcon.colcon_core.environment:create_file_with_runtime_dependencies(/home/matija-pongracic/PAS/PAS_DZ_01/install/my_robot_bringup/share/colcon-core/packages/my_robot_bringup)
[0.494s] Level 1:colcon.colcon_core.environment:create_environment_scripts_only(my_robot_bringup)
[0.494s] Level 1:colcon.colcon_core.environment:checking '/home/matija-pongracic/PAS/PAS_DZ_01/install/my_robot_bringup' for CMake module files
[0.494s] Level 1:colcon.colcon_core.environment:checking '/home/matija-pongracic/PAS/PAS_DZ_01/install/my_robot_bringup' for CMake config files
[0.494s] Level 1:colcon.colcon_core.shell:create_environment_hook('my_robot_bringup', 'cmake_prefix_path')
[0.494s] INFO:colcon.colcon_core.shell:Creating environment hook '/home/matija-pongracic/PAS/PAS_DZ_01/install/my_robot_bringup/share/my_robot_bringup/hook/cmake_prefix_path.ps1'
[0.495s] INFO:colcon.colcon_core.shell:Creating environment descriptor '/home/matija-pongracic/PAS/PAS_DZ_01/install/my_robot_bringup/share/my_robot_bringup/hook/cmake_prefix_path.dsv'
[0.495s] INFO:colcon.colcon_core.shell:Creating environment hook '/home/matija-pongracic/PAS/PAS_DZ_01/install/my_robot_bringup/share/my_robot_bringup/hook/cmake_prefix_path.sh'
[0.495s] Level 1:colcon.colcon_core.environment:checking '/home/matija-pongracic/PAS/PAS_DZ_01/install/my_robot_bringup/bin'
[0.496s] Level 1:colcon.colcon_core.environment:checking '/home/matija-pongracic/PAS/PAS_DZ_01/install/my_robot_bringup/lib/pkgconfig/my_robot_bringup.pc'
[0.496s] Level 1:colcon.colcon_core.environment:checking '/home/matija-pongracic/PAS/PAS_DZ_01/install/my_robot_bringup/lib/python3.10/site-packages'
[0.496s] Level 1:colcon.colcon_core.environment:checking '/home/matija-pongracic/PAS/PAS_DZ_01/install/my_robot_bringup/bin'
[0.496s] INFO:colcon.colcon_core.shell:Creating package script '/home/matija-pongracic/PAS/PAS_DZ_01/install/my_robot_bringup/share/my_robot_bringup/package.ps1'
[0.496s] INFO:colcon.colcon_core.shell:Creating package descriptor '/home/matija-pongracic/PAS/PAS_DZ_01/install/my_robot_bringup/share/my_robot_bringup/package.dsv'
[0.497s] INFO:colcon.colcon_core.shell:Creating package script '/home/matija-pongracic/PAS/PAS_DZ_01/install/my_robot_bringup/share/my_robot_bringup/package.sh'
[0.497s] INFO:colcon.colcon_core.shell:Creating package script '/home/matija-pongracic/PAS/PAS_DZ_01/install/my_robot_bringup/share/my_robot_bringup/package.bash'
[0.497s] INFO:colcon.colcon_core.shell:Creating package script '/home/matija-pongracic/PAS/PAS_DZ_01/install/my_robot_bringup/share/my_robot_bringup/package.zsh'
[0.497s] Level 1:colcon.colcon_core.environment:create_file_with_runtime_dependencies(/home/matija-pongracic/PAS/PAS_DZ_01/install/my_robot_bringup/share/colcon-core/packages/my_robot_bringup)
[0.497s] Level 1:colcon.colcon_core.environment:create_environment_scripts_only(fanuc_m900ib_support)
[0.498s] Level 1:colcon.colcon_core.environment:checking '/home/matija-pongracic/PAS/PAS_DZ_01/install/fanuc_m900ib_support' for CMake module files
[0.498s] Level 1:colcon.colcon_core.environment:checking '/home/matija-pongracic/PAS/PAS_DZ_01/install/fanuc_m900ib_support' for CMake config files
[0.499s] DEBUG:colcon.colcon_core.event_handler.log_command:Invoked command in '/home/matija-pongracic/PAS/PAS_DZ_01/build/fanuc_m900ib_support' returned '0': CMAKE_PREFIX_PATH=/opt/ros/humble /usr/bin/cmake --install /home/matija-pongracic/PAS/PAS_DZ_01/build/fanuc_m900ib_support
[0.499s] Level 1:colcon.colcon_core.shell:create_environment_hook('fanuc_m900ib_support', 'cmake_prefix_path')
[0.499s] INFO:colcon.colcon_core.shell:Creating environment hook '/home/matija-pongracic/PAS/PAS_DZ_01/install/fanuc_m900ib_support/share/fanuc_m900ib_support/hook/cmake_prefix_path.ps1'
[0.500s] INFO:colcon.colcon_core.shell:Creating environment descriptor '/home/matija-pongracic/PAS/PAS_DZ_01/install/fanuc_m900ib_support/share/fanuc_m900ib_support/hook/cmake_prefix_path.dsv'
[0.500s] INFO:colcon.colcon_core.shell:Creating environment hook '/home/matija-pongracic/PAS/PAS_DZ_01/install/fanuc_m900ib_support/share/fanuc_m900ib_support/hook/cmake_prefix_path.sh'
[0.500s] Level 1:colcon.colcon_core.environment:checking '/home/matija-pongracic/PAS/PAS_DZ_01/install/fanuc_m900ib_support/bin'
[0.500s] Level 1:colcon.colcon_core.environment:checking '/home/matija-pongracic/PAS/PAS_DZ_01/install/fanuc_m900ib_support/lib/pkgconfig/fanuc_m900ib_support.pc'
[0.500s] Level 1:colcon.colcon_core.environment:checking '/home/matija-pongracic/PAS/PAS_DZ_01/install/fanuc_m900ib_support/lib/python3.10/site-packages'
[0.500s] Level 1:colcon.colcon_core.environment:checking '/home/matija-pongracic/PAS/PAS_DZ_01/install/fanuc_m900ib_support/bin'
[0.501s] INFO:colcon.colcon_core.shell:Creating package script '/home/matija-pongracic/PAS/PAS_DZ_01/install/fanuc_m900ib_support/share/fanuc_m900ib_support/package.ps1'
[0.501s] INFO:colcon.colcon_core.shell:Creating package descriptor '/home/matija-pongracic/PAS/PAS_DZ_01/install/fanuc_m900ib_support/share/fanuc_m900ib_support/package.dsv'
[0.501s] INFO:colcon.colcon_core.shell:Creating package script '/home/matija-pongracic/PAS/PAS_DZ_01/install/fanuc_m900ib_support/share/fanuc_m900ib_support/package.sh'
[0.501s] INFO:colcon.colcon_core.shell:Creating package script '/home/matija-pongracic/PAS/PAS_DZ_01/install/fanuc_m900ib_support/share/fanuc_m900ib_support/package.bash'
[0.501s] INFO:colcon.colcon_core.shell:Creating package script '/home/matija-pongracic/PAS/PAS_DZ_01/install/fanuc_m900ib_support/share/fanuc_m900ib_support/package.zsh'
[0.502s] Level 1:colcon.colcon_core.environment:create_file_with_runtime_dependencies(/home/matija-pongracic/PAS/PAS_DZ_01/install/fanuc_m900ib_support/share/colcon-core/packages/fanuc_m900ib_support)
[0.502s] Level 1:colcon.colcon_core.environment:create_environment_scripts_only(fanuc_m900ib_support)
[0.502s] Level 1:colcon.colcon_core.environment:checking '/home/matija-pongracic/PAS/PAS_DZ_01/install/fanuc_m900ib_support' for CMake module files
[0.502s] Level 1:colcon.colcon_core.environment:checking '/home/matija-pongracic/PAS/PAS_DZ_01/install/fanuc_m900ib_support' for CMake config files
[0.502s] Level 1:colcon.colcon_core.shell:create_environment_hook('fanuc_m900ib_support', 'cmake_prefix_path')
[0.502s] INFO:colcon.colcon_core.shell:Creating environment hook '/home/matija-pongracic/PAS/PAS_DZ_01/install/fanuc_m900ib_support/share/fanuc_m900ib_support/hook/cmake_prefix_path.ps1'
[0.503s] INFO:colcon.colcon_core.shell:Creating environment descriptor '/home/matija-pongracic/PAS/PAS_DZ_01/install/fanuc_m900ib_support/share/fanuc_m900ib_support/hook/cmake_prefix_path.dsv'
[0.503s] INFO:colcon.colcon_core.shell:Creating environment hook '/home/matija-pongracic/PAS/PAS_DZ_01/install/fanuc_m900ib_support/share/fanuc_m900ib_support/hook/cmake_prefix_path.sh'
[0.503s] Level 1:colcon.colcon_core.environment:checking '/home/matija-pongracic/PAS/PAS_DZ_01/install/fanuc_m900ib_support/bin'
[0.503s] Level 1:colcon.colcon_core.environment:checking '/home/matija-pongracic/PAS/PAS_DZ_01/install/fanuc_m900ib_support/lib/pkgconfig/fanuc_m900ib_support.pc'
[0.503s] Level 1:colcon.colcon_core.environment:checking '/home/matija-pongracic/PAS/PAS_DZ_01/install/fanuc_m900ib_support/lib/python3.10/site-packages'
[0.504s] Level 1:colcon.colcon_core.environment:checking '/home/matija-pongracic/PAS/PAS_DZ_01/install/fanuc_m900ib_support/bin'
[0.504s] INFO:colcon.colcon_core.shell:Creating package script '/home/matija-pongracic/PAS/PAS_DZ_01/install/fanuc_m900ib_support/share/fanuc_m900ib_support/package.ps1'
[0.504s] INFO:colcon.colcon_core.shell:Creating package descriptor '/home/matija-pongracic/PAS/PAS_DZ_01/install/fanuc_m900ib_support/share/fanuc_m900ib_support/package.dsv'
[0.504s] INFO:colcon.colcon_core.shell:Creating package script '/home/matija-pongracic/PAS/PAS_DZ_01/install/fanuc_m900ib_support/share/fanuc_m900ib_support/package.sh'
[0.505s] INFO:colcon.colcon_core.shell:Creating package script '/home/matija-pongracic/PAS/PAS_DZ_01/install/fanuc_m900ib_support/share/fanuc_m900ib_support/package.bash'
[0.505s] INFO:colcon.colcon_core.shell:Creating package script '/home/matija-pongracic/PAS/PAS_DZ_01/install/fanuc_m900ib_support/share/fanuc_m900ib_support/package.zsh'
[0.505s] Level 1:colcon.colcon_core.environment:create_file_with_runtime_dependencies(/home/matija-pongracic/PAS/PAS_DZ_01/install/fanuc_m900ib_support/share/colcon-core/packages/fanuc_m900ib_support)
[0.505s] Level 1:colcon.colcon_core.environment:create_environment_scripts_only(my_robot_description)
[0.505s] Level 1:colcon.colcon_core.environment:checking '/home/matija-pongracic/PAS/PAS_DZ_01/install/my_robot_description' for CMake module files
[0.506s] DEBUG:colcon.colcon_core.event_handler.log_command:Invoked command in '/home/matija-pongracic/PAS/PAS_DZ_01/build/my_robot_description' returned '0': CMAKE_PREFIX_PATH=/opt/ros/humble /usr/bin/cmake --install /home/matija-pongracic/PAS/PAS_DZ_01/build/my_robot_description
[0.507s] Level 1:colcon.colcon_core.environment:checking '/home/matija-pongracic/PAS/PAS_DZ_01/install/my_robot_description' for CMake config files
[0.507s] Level 1:colcon.colcon_core.shell:create_environment_hook('my_robot_description', 'cmake_prefix_path')
[0.508s] INFO:colcon.colcon_core.shell:Creating environment hook '/home/matija-pongracic/PAS/PAS_DZ_01/install/my_robot_description/share/my_robot_description/hook/cmake_prefix_path.ps1'
[0.508s] INFO:colcon.colcon_core.shell:Creating environment descriptor '/home/matija-pongracic/PAS/PAS_DZ_01/install/my_robot_description/share/my_robot_description/hook/cmake_prefix_path.dsv'
[0.509s] INFO:colcon.colcon_core.shell:Creating environment hook '/home/matija-pongracic/PAS/PAS_DZ_01/install/my_robot_description/share/my_robot_description/hook/cmake_prefix_path.sh'
[0.510s] Level 1:colcon.colcon_core.environment:checking '/home/matija-pongracic/PAS/PAS_DZ_01/install/my_robot_description/bin'
[0.510s] Level 1:colcon.colcon_core.environment:checking '/home/matija-pongracic/PAS/PAS_DZ_01/install/my_robot_description/lib/pkgconfig/my_robot_description.pc'
[0.510s] Level 1:colcon.colcon_core.environment:checking '/home/matija-pongracic/PAS/PAS_DZ_01/install/my_robot_description/lib/python3.10/site-packages'
[0.510s] Level 1:colcon.colcon_core.environment:checking '/home/matija-pongracic/PAS/PAS_DZ_01/install/my_robot_description/bin'
[0.511s] INFO:colcon.colcon_core.shell:Creating package script '/home/matija-pongracic/PAS/PAS_DZ_01/install/my_robot_description/share/my_robot_description/package.ps1'
[0.511s] INFO:colcon.colcon_core.shell:Creating package descriptor '/home/matija-pongracic/PAS/PAS_DZ_01/install/my_robot_description/share/my_robot_description/package.dsv'
[0.512s] INFO:colcon.colcon_core.shell:Creating package script '/home/matija-pongracic/PAS/PAS_DZ_01/install/my_robot_description/share/my_robot_description/package.sh'
[0.512s] INFO:colcon.colcon_core.shell:Creating package script '/home/matija-pongracic/PAS/PAS_DZ_01/install/my_robot_description/share/my_robot_description/package.bash'
[0.513s] INFO:colcon.colcon_core.shell:Creating package script '/home/matija-pongracic/PAS/PAS_DZ_01/install/my_robot_description/share/my_robot_description/package.zsh'
[0.513s] Level 1:colcon.colcon_core.environment:create_file_with_runtime_dependencies(/home/matija-pongracic/PAS/PAS_DZ_01/install/my_robot_description/share/colcon-core/packages/my_robot_description)
[0.514s] Level 1:colcon.colcon_core.environment:create_environment_scripts_only(my_robot_description)
[0.514s] Level 1:colcon.colcon_core.environment:checking '/home/matija-pongracic/PAS/PAS_DZ_01/install/my_robot_description' for CMake module files
[0.515s] Level 1:colcon.colcon_core.environment:checking '/home/matija-pongracic/PAS/PAS_DZ_01/install/my_robot_description' for CMake config files
[0.515s] Level 1:colcon.colcon_core.shell:create_environment_hook('my_robot_description', 'cmake_prefix_path')
[0.515s] INFO:colcon.colcon_core.shell:Creating environment hook '/home/matija-pongracic/PAS/PAS_DZ_01/install/my_robot_description/share/my_robot_description/hook/cmake_prefix_path.ps1'
[0.516s] INFO:colcon.colcon_core.shell:Creating environment descriptor '/home/matija-pongracic/PAS/PAS_DZ_01/install/my_robot_description/share/my_robot_description/hook/cmake_prefix_path.dsv'
[0.516s] INFO:colcon.colcon_core.shell:Creating environment hook '/home/matija-pongracic/PAS/PAS_DZ_01/install/my_robot_description/share/my_robot_description/hook/cmake_prefix_path.sh'
[0.517s] Level 1:colcon.colcon_core.environment:checking '/home/matija-pongracic/PAS/PAS_DZ_01/install/my_robot_description/bin'
[0.517s] Level 1:colcon.colcon_core.environment:checking '/home/matija-pongracic/PAS/PAS_DZ_01/install/my_robot_description/lib/pkgconfig/my_robot_description.pc'
[0.518s] Level 1:colcon.colcon_core.environment:checking '/home/matija-pongracic/PAS/PAS_DZ_01/install/my_robot_description/lib/python3.10/site-packages'
[0.518s] Level 1:colcon.colcon_core.environment:checking '/home/matija-pongracic/PAS/PAS_DZ_01/install/my_robot_description/bin'
[0.519s] INFO:colcon.colcon_core.shell:Creating package script '/home/matija-pongracic/PAS/PAS_DZ_01/install/my_robot_description/share/my_robot_description/package.ps1'
[0.519s] INFO:colcon.colcon_core.shell:Creating package descriptor '/home/matija-pongracic/PAS/PAS_DZ_01/install/my_robot_description/share/my_robot_description/package.dsv'
[0.520s] INFO:colcon.colcon_core.shell:Creating package script '/home/matija-pongracic/PAS/PAS_DZ_01/install/my_robot_description/share/my_robot_description/package.sh'
[0.520s] INFO:colcon.colcon_core.shell:Creating package script '/home/matija-pongracic/PAS/PAS_DZ_01/install/my_robot_description/share/my_robot_description/package.bash'
[0.521s] INFO:colcon.colcon_core.shell:Creating package script '/home/matija-pongracic/PAS/PAS_DZ_01/install/my_robot_description/share/my_robot_description/package.zsh'
[0.521s] Level 1:colcon.colcon_core.environment:create_file_with_runtime_dependencies(/home/matija-pongracic/PAS/PAS_DZ_01/install/my_robot_description/share/colcon-core/packages/my_robot_description)
[0.522s] DEBUG:colcon.colcon_parallel_executor.executor.parallel:closing loop
[0.522s] DEBUG:colcon.colcon_parallel_executor.executor.parallel:loop closed
[0.522s] DEBUG:colcon.colcon_parallel_executor.executor.parallel:run_until_complete finished with '0'
[0.522s] DEBUG:colcon.colcon_core.event_reactor:joining thread
[0.529s] INFO:colcon.colcon_core.plugin_system:Skipping extension 'colcon_notification.desktop_notification.terminal_notifier': Not used on non-Darwin systems
[0.529s] INFO:colcon.colcon_core.plugin_system:Skipping extension 'colcon_notification.desktop_notification.win32': Not used on non-Windows systems
[0.529s] INFO:colcon.colcon_notification.desktop_notification:Sending desktop notification using 'notify2'
[0.558s] DEBUG:colcon.colcon_core.event_reactor:joined thread
[0.559s] INFO:colcon.colcon_core.shell:Creating prefix script '/home/matija-pongracic/PAS/PAS_DZ_01/install/local_setup.ps1'
[0.559s] INFO:colcon.colcon_core.shell:Creating prefix util module '/home/matija-pongracic/PAS/PAS_DZ_01/install/_local_setup_util_ps1.py'
[0.560s] INFO:colcon.colcon_core.shell:Creating prefix chain script '/home/matija-pongracic/PAS/PAS_DZ_01/install/setup.ps1'
[0.561s] INFO:colcon.colcon_core.shell:Creating prefix script '/home/matija-pongracic/PAS/PAS_DZ_01/install/local_setup.sh'
[0.562s] INFO:colcon.colcon_core.shell:Creating prefix util module '/home/matija-pongracic/PAS/PAS_DZ_01/install/_local_setup_util_sh.py'
[0.562s] INFO:colcon.colcon_core.shell:Creating prefix chain script '/home/matija-pongracic/PAS/PAS_DZ_01/install/setup.sh'
[0.563s] INFO:colcon.colcon_core.shell:Creating prefix script '/home/matija-pongracic/PAS/PAS_DZ_01/install/local_setup.bash'
[0.563s] INFO:colcon.colcon_core.shell:Creating prefix chain script '/home/matija-pongracic/PAS/PAS_DZ_01/install/setup.bash'
[0.564s] INFO:colcon.colcon_core.shell:Creating prefix script '/home/matija-pongracic/PAS/PAS_DZ_01/install/local_setup.zsh'
[0.565s] INFO:colcon.colcon_core.shell:Creating prefix chain script '/home/matija-pongracic/PAS/PAS_DZ_01/install/setup.zsh'
