[0.011s] Invoking command in '/home/matija-pongracic/PAS/PAS_DZ_01/build/my_robot_bringup': CMAKE_PREFIX_PATH=${CMAKE_PREFIX_PATH}:/opt/ros/humble /usr/bin/cmake /home/matija-pongracic/PAS/PAS_DZ_01/src/my_robot_bringup -DCMAKE_INSTALL_PREFIX=/home/matija-pongracic/PAS/PAS_DZ_01/install/my_robot_bringup
[0.075s] -- The C compiler identification is GNU 11.4.0
[0.136s] -- The CXX compiler identification is GNU 11.4.0
[0.142s] -- Detecting C compiler ABI info
[0.212s] -- Detecting C compiler ABI info - done
[0.222s] -- Check for working C compiler: /usr/bin/cc - skipped
[0.222s] -- Detecting C compile features
[0.223s] -- Detecting C compile features - done
[0.226s] -- Detecting CXX compiler ABI info
[0.291s] -- Detecting CXX compiler ABI info - done
[0.301s] -- Check for working CXX compiler: /usr/bin/c++ - skipped
[0.301s] -- Detecting CXX compile features
[0.302s] -- Detecting CXX compile features - done
[0.304s] -- Found ament_cmake: 1.3.12 (/opt/ros/humble/share/ament_cmake/cmake)
[0.433s] -- Found Python3: /usr/bin/python3 (found version "3.10.12") found components: Interpreter 
[0.534s] -- Found ament_lint_auto: 0.12.14 (/opt/ros/humble/share/ament_lint_auto/cmake)
[0.594s] -- Added test 'flake8' to check Python code syntax and style conventions
[0.595s] -- Added test 'lint_cmake' to check CMake code style
[0.595s] -- Added test 'pep257' to check Python code against some of the docstring style conventions in PEP 257
[0.597s] -- Added test 'xmllint' to check XML markup files
[0.598s] -- Configuring done
[0.601s] -- Generating done
[0.603s] -- Build files have been written to: /home/matija-pongracic/PAS/PAS_DZ_01/build/my_robot_bringup
[0.609s] Invoked command in '/home/matija-pongracic/PAS/PAS_DZ_01/build/my_robot_bringup' returned '0': CMAKE_PREFIX_PATH=${CMAKE_PREFIX_PATH}:/opt/ros/humble /usr/bin/cmake /home/matija-pongracic/PAS/PAS_DZ_01/src/my_robot_bringup -DCMAKE_INSTALL_PREFIX=/home/matija-pongracic/PAS/PAS_DZ_01/install/my_robot_bringup
[0.609s] Invoking command in '/home/matija-pongracic/PAS/PAS_DZ_01/build/my_robot_bringup': CMAKE_PREFIX_PATH=${CMAKE_PREFIX_PATH}:/opt/ros/humble /usr/bin/cmake --build /home/matija-pongracic/PAS/PAS_DZ_01/build/my_robot_bringup -- -j12 -l12
[0.665s] Invoked command in '/home/matija-pongracic/PAS/PAS_DZ_01/build/my_robot_bringup' returned '0': CMAKE_PREFIX_PATH=${CMAKE_PREFIX_PATH}:/opt/ros/humble /usr/bin/cmake --build /home/matija-pongracic/PAS/PAS_DZ_01/build/my_robot_bringup -- -j12 -l12
[0.666s] Invoking command in '/home/matija-pongracic/PAS/PAS_DZ_01/build/my_robot_bringup': CMAKE_PREFIX_PATH=${CMAKE_PREFIX_PATH}:/opt/ros/humble /usr/bin/cmake --install /home/matija-pongracic/PAS/PAS_DZ_01/build/my_robot_bringup
[0.678s] -- Install configuration: ""
[0.678s] -- Installing: /home/matija-pongracic/PAS/PAS_DZ_01/install/my_robot_bringup/share/my_robot_bringup/config
[0.678s] -- Installing: /home/matija-pongracic/PAS/PAS_DZ_01/install/my_robot_bringup/share/my_robot_bringup/config/my_robot_controllers.yaml
[0.679s] -- Installing: /home/matija-pongracic/PAS/PAS_DZ_01/install/my_robot_bringup/share/my_robot_bringup/config/my_forward_position_publisher.yaml
[0.679s] -- Installing: /home/matija-pongracic/PAS/PAS_DZ_01/install/my_robot_bringup/share/my_robot_bringup/config/my_joint_trajectory_publisher.yaml
[0.679s] -- Installing: /home/matija-pongracic/PAS/PAS_DZ_01/install/my_robot_bringup/share/my_robot_bringup/launch
[0.679s] -- Installing: /home/matija-pongracic/PAS/PAS_DZ_01/install/my_robot_bringup/share/my_robot_bringup/launch/my_robot.launch.py
[0.679s] -- Installing: /home/matija-pongracic/PAS/PAS_DZ_01/install/my_robot_bringup/share/my_robot_bringup/launch/run_joint_trajectory_controller.launch.py
[0.679s] -- Installing: /home/matija-pongracic/PAS/PAS_DZ_01/install/my_robot_bringup/share/my_robot_bringup/launch/run_forward_position_controller.launch.py
[0.679s] -- Installing: /home/matija-pongracic/PAS/PAS_DZ_01/install/my_robot_bringup/share/ament_index/resource_index/package_run_dependencies/my_robot_bringup
[0.679s] -- Installing: /home/matija-pongracic/PAS/PAS_DZ_01/install/my_robot_bringup/share/ament_index/resource_index/parent_prefix_path/my_robot_bringup
[0.679s] -- Installing: /home/matija-pongracic/PAS/PAS_DZ_01/install/my_robot_bringup/share/my_robot_bringup/environment/ament_prefix_path.sh
[0.679s] -- Installing: /home/matija-pongracic/PAS/PAS_DZ_01/install/my_robot_bringup/share/my_robot_bringup/environment/ament_prefix_path.dsv
[0.680s] -- Installing: /home/matija-pongracic/PAS/PAS_DZ_01/install/my_robot_bringup/share/my_robot_bringup/environment/path.sh
[0.680s] -- Installing: /home/matija-pongracic/PAS/PAS_DZ_01/install/my_robot_bringup/share/my_robot_bringup/environment/path.dsv
[0.680s] -- Installing: /home/matija-pongracic/PAS/PAS_DZ_01/install/my_robot_bringup/share/my_robot_bringup/local_setup.bash
[0.680s] -- Installing: /home/matija-pongracic/PAS/PAS_DZ_01/install/my_robot_bringup/share/my_robot_bringup/local_setup.sh
[0.680s] -- Installing: /home/matija-pongracic/PAS/PAS_DZ_01/install/my_robot_bringup/share/my_robot_bringup/local_setup.zsh
[0.680s] -- Installing: /home/matija-pongracic/PAS/PAS_DZ_01/install/my_robot_bringup/share/my_robot_bringup/local_setup.dsv
[0.680s] -- Installing: /home/matija-pongracic/PAS/PAS_DZ_01/install/my_robot_bringup/share/my_robot_bringup/package.dsv
[0.680s] -- Installing: /home/matija-pongracic/PAS/PAS_DZ_01/install/my_robot_bringup/share/ament_index/resource_index/packages/my_robot_bringup
[0.680s] -- Installing: /home/matija-pongracic/PAS/PAS_DZ_01/install/my_robot_bringup/share/my_robot_bringup/cmake/my_robot_bringupConfig.cmake
[0.680s] -- Installing: /home/matija-pongracic/PAS/PAS_DZ_01/install/my_robot_bringup/share/my_robot_bringup/cmake/my_robot_bringupConfig-version.cmake
[0.680s] -- Installing: /home/matija-pongracic/PAS/PAS_DZ_01/install/my_robot_bringup/share/my_robot_bringup/package.xml
[0.684s] Invoked command in '/home/matija-pongracic/PAS/PAS_DZ_01/build/my_robot_bringup' returned '0': CMAKE_PREFIX_PATH=${CMAKE_PREFIX_PATH}:/opt/ros/humble /usr/bin/cmake --install /home/matija-pongracic/PAS/PAS_DZ_01/build/my_robot_bringup
