[0.171s] DEBUG:colcon:Command line arguments: ['/usr/bin/colcon', 'build']
[0.171s] DEBUG:colcon:Parsed command line arguments: Namespace(log_base=None, log_level=None, verb_name='build', build_base='build', install_base='install', merge_install=False, symlink_install=False, test_result_base=None, continue_on_error=False, executor='parallel', parallel_workers=12, event_handlers=None, ignore_user_meta=False, metas=['./colcon.meta'], base_paths=['.'], packages_ignore=None, packages_ignore_regex=None, paths=None, packages_up_to=None, packages_up_to_regex=None, packages_above=None, packages_above_and_dependencies=None, packages_above_depth=None, packages_select_by_dep=None, packages_skip_by_dep=None, packages_skip_up_to=None, packages_select_build_failed=False, packages_skip_build_finished=False, packages_select_test_failures=False, packages_skip_test_passed=False, packages_select=None, packages_skip=None, packages_select_regex=None, packages_skip_regex=None, packages_start=None, packages_end=None, allow_overriding=[], cmake_args=None, cmake_target=None, cmake_target_skip_unavailable=False, cmake_clean_cache=False, cmake_clean_first=False, cmake_force_configure=False, ament_cmake_args=None, catkin_cmake_args=None, catkin_skip_building_tests=False, mixin_files=None, mixin=None, verb_parser=<colcon_mixin.mixin.mixin_argument.MixinArgumentDecorator object at 0x70f2b63fa2f0>, verb_extension=<colcon_core.verb.build.BuildVerb object at 0x70f2b63f9e40>, main=<bound method BuildVerb.main of <colcon_core.verb.build.BuildVerb object at 0x70f2b63f9e40>>, mixin_verb=('build',))
[0.326s] Level 1:colcon.colcon_core.package_discovery:discover_packages(colcon_meta) check parameters
[0.326s] Level 1:colcon.colcon_core.package_discovery:discover_packages(recursive) check parameters
[0.326s] Level 1:colcon.colcon_core.package_discovery:discover_packages(ignore) check parameters
[0.326s] Level 1:colcon.colcon_core.package_discovery:discover_packages(path) check parameters
[0.326s] Level 1:colcon.colcon_core.package_discovery:discover_packages(colcon_meta) discover
[0.326s] Level 1:colcon.colcon_core.package_discovery:discover_packages(recursive) discover
[0.326s] INFO:colcon.colcon_core.package_discovery:Crawling recursively for packages in '/home/matija-pongracic/PAS/PAS_DZ_01'
[0.326s] Level 1:colcon.colcon_core.package_identification:_identify(.) by extensions ['ignore', 'ignore_ament_install']
[0.326s] Level 1:colcon.colcon_core.package_identification:_identify(.) by extension 'ignore'
[0.326s] Level 1:colcon.colcon_core.package_identification:_identify(.) by extension 'ignore_ament_install'
[0.326s] Level 1:colcon.colcon_core.package_identification:_identify(.) by extensions ['colcon_pkg']
[0.326s] Level 1:colcon.colcon_core.package_identification:_identify(.) by extension 'colcon_pkg'
[0.326s] Level 1:colcon.colcon_core.package_identification:_identify(.) by extensions ['colcon_meta']
[0.326s] Level 1:colcon.colcon_core.package_identification:_identify(.) by extension 'colcon_meta'
[0.326s] Level 1:colcon.colcon_core.package_identification:_identify(.) by extensions ['ros']
[0.326s] Level 1:colcon.colcon_core.package_identification:_identify(.) by extension 'ros'
[0.334s] Level 1:colcon.colcon_core.package_identification:_identify(.) by extensions ['cmake', 'python']
[0.334s] Level 1:colcon.colcon_core.package_identification:_identify(.) by extension 'cmake'
[0.334s] Level 1:colcon.colcon_core.package_identification:_identify(.) by extension 'python'
[0.334s] Level 1:colcon.colcon_core.package_identification:_identify(.) by extensions ['python_setup_py']
[0.334s] Level 1:colcon.colcon_core.package_identification:_identify(.) by extension 'python_setup_py'
[0.334s] Level 1:colcon.colcon_core.package_identification:_identify(build) by extensions ['ignore', 'ignore_ament_install']
[0.334s] Level 1:colcon.colcon_core.package_identification:_identify(build) by extension 'ignore'
[0.334s] Level 1:colcon.colcon_core.package_identification:_identify(build) ignored
[0.335s] Level 1:colcon.colcon_core.package_identification:_identify(install) by extensions ['ignore', 'ignore_ament_install']
[0.335s] Level 1:colcon.colcon_core.package_identification:_identify(install) by extension 'ignore'
[0.335s] Level 1:colcon.colcon_core.package_identification:_identify(install) ignored
[0.335s] Level 1:colcon.colcon_core.package_identification:_identify(log) by extensions ['ignore', 'ignore_ament_install']
[0.335s] Level 1:colcon.colcon_core.package_identification:_identify(log) by extension 'ignore'
[0.335s] Level 1:colcon.colcon_core.package_identification:_identify(log) ignored
[0.335s] Level 1:colcon.colcon_core.package_identification:_identify(src) by extensions ['ignore', 'ignore_ament_install']
[0.335s] Level 1:colcon.colcon_core.package_identification:_identify(src) by extension 'ignore'
[0.335s] Level 1:colcon.colcon_core.package_identification:_identify(src) by extension 'ignore_ament_install'
[0.335s] Level 1:colcon.colcon_core.package_identification:_identify(src) by extensions ['colcon_pkg']
[0.335s] Level 1:colcon.colcon_core.package_identification:_identify(src) by extension 'colcon_pkg'
[0.335s] Level 1:colcon.colcon_core.package_identification:_identify(src) by extensions ['colcon_meta']
[0.335s] Level 1:colcon.colcon_core.package_identification:_identify(src) by extension 'colcon_meta'
[0.335s] Level 1:colcon.colcon_core.package_identification:_identify(src) by extensions ['ros']
[0.335s] Level 1:colcon.colcon_core.package_identification:_identify(src) by extension 'ros'
[0.335s] Level 1:colcon.colcon_core.package_identification:_identify(src) by extensions ['cmake', 'python']
[0.335s] Level 1:colcon.colcon_core.package_identification:_identify(src) by extension 'cmake'
[0.335s] Level 1:colcon.colcon_core.package_identification:_identify(src) by extension 'python'
[0.335s] Level 1:colcon.colcon_core.package_identification:_identify(src) by extensions ['python_setup_py']
[0.335s] Level 1:colcon.colcon_core.package_identification:_identify(src) by extension 'python_setup_py'
[0.336s] Level 1:colcon.colcon_core.package_identification:_identify(src/fanuc_m900ib_support) by extensions ['ignore', 'ignore_ament_install']
[0.336s] Level 1:colcon.colcon_core.package_identification:_identify(src/fanuc_m900ib_support) by extension 'ignore'
[0.336s] Level 1:colcon.colcon_core.package_identification:_identify(src/fanuc_m900ib_support) by extension 'ignore_ament_install'
[0.336s] Level 1:colcon.colcon_core.package_identification:_identify(src/fanuc_m900ib_support) by extensions ['colcon_pkg']
[0.336s] Level 1:colcon.colcon_core.package_identification:_identify(src/fanuc_m900ib_support) by extension 'colcon_pkg'
[0.336s] Level 1:colcon.colcon_core.package_identification:_identify(src/fanuc_m900ib_support) by extensions ['colcon_meta']
[0.336s] Level 1:colcon.colcon_core.package_identification:_identify(src/fanuc_m900ib_support) by extension 'colcon_meta'
[0.336s] Level 1:colcon.colcon_core.package_identification:_identify(src/fanuc_m900ib_support) by extensions ['ros']
[0.336s] Level 1:colcon.colcon_core.package_identification:_identify(src/fanuc_m900ib_support) by extension 'ros'
[0.338s] DEBUG:colcon.colcon_core.package_identification:Package 'src/fanuc_m900ib_support' with type 'ros.ament_cmake' and name 'fanuc_m900ib_support'
[0.338s] Level 1:colcon.colcon_core.package_identification:_identify(src/fanuc_resources) by extensions ['ignore', 'ignore_ament_install']
[0.338s] Level 1:colcon.colcon_core.package_identification:_identify(src/fanuc_resources) by extension 'ignore'
[0.338s] Level 1:colcon.colcon_core.package_identification:_identify(src/fanuc_resources) by extension 'ignore_ament_install'
[0.338s] Level 1:colcon.colcon_core.package_identification:_identify(src/fanuc_resources) by extensions ['colcon_pkg']
[0.338s] Level 1:colcon.colcon_core.package_identification:_identify(src/fanuc_resources) by extension 'colcon_pkg'
[0.338s] Level 1:colcon.colcon_core.package_identification:_identify(src/fanuc_resources) by extensions ['colcon_meta']
[0.338s] Level 1:colcon.colcon_core.package_identification:_identify(src/fanuc_resources) by extension 'colcon_meta'
[0.338s] Level 1:colcon.colcon_core.package_identification:_identify(src/fanuc_resources) by extensions ['ros']
[0.338s] Level 1:colcon.colcon_core.package_identification:_identify(src/fanuc_resources) by extension 'ros'
[0.339s] DEBUG:colcon.colcon_core.package_identification:Package 'src/fanuc_resources' with type 'ros.ament_cmake' and name 'fanuc_resources'
[0.339s] Level 1:colcon.colcon_core.package_identification:_identify(src/log) by extensions ['ignore', 'ignore_ament_install']
[0.339s] Level 1:colcon.colcon_core.package_identification:_identify(src/log) by extension 'ignore'
[0.339s] Level 1:colcon.colcon_core.package_identification:_identify(src/log) ignored
[0.339s] Level 1:colcon.colcon_core.package_identification:_identify(src/my_robot_bringup) by extensions ['ignore', 'ignore_ament_install']
[0.339s] Level 1:colcon.colcon_core.package_identification:_identify(src/my_robot_bringup) by extension 'ignore'
[0.339s] Level 1:colcon.colcon_core.package_identification:_identify(src/my_robot_bringup) by extension 'ignore_ament_install'
[0.339s] Level 1:colcon.colcon_core.package_identification:_identify(src/my_robot_bringup) by extensions ['colcon_pkg']
[0.339s] Level 1:colcon.colcon_core.package_identification:_identify(src/my_robot_bringup) by extension 'colcon_pkg'
[0.339s] Level 1:colcon.colcon_core.package_identification:_identify(src/my_robot_bringup) by extensions ['colcon_meta']
[0.339s] Level 1:colcon.colcon_core.package_identification:_identify(src/my_robot_bringup) by extension 'colcon_meta'
[0.339s] Level 1:colcon.colcon_core.package_identification:_identify(src/my_robot_bringup) by extensions ['ros']
[0.339s] Level 1:colcon.colcon_core.package_identification:_identify(src/my_robot_bringup) by extension 'ros'
[0.340s] DEBUG:colcon.colcon_core.package_identification:Package 'src/my_robot_bringup' with type 'ros.ament_cmake' and name 'my_robot_bringup'
[0.340s] Level 1:colcon.colcon_core.package_identification:_identify(src/my_robot_description) by extensions ['ignore', 'ignore_ament_install']
[0.340s] Level 1:colcon.colcon_core.package_identification:_identify(src/my_robot_description) by extension 'ignore'
[0.340s] Level 1:colcon.colcon_core.package_identification:_identify(src/my_robot_description) by extension 'ignore_ament_install'
[0.340s] Level 1:colcon.colcon_core.package_identification:_identify(src/my_robot_description) by extensions ['colcon_pkg']
[0.340s] Level 1:colcon.colcon_core.package_identification:_identify(src/my_robot_description) by extension 'colcon_pkg'
[0.340s] Level 1:colcon.colcon_core.package_identification:_identify(src/my_robot_description) by extensions ['colcon_meta']
[0.340s] Level 1:colcon.colcon_core.package_identification:_identify(src/my_robot_description) by extension 'colcon_meta'
[0.340s] Level 1:colcon.colcon_core.package_identification:_identify(src/my_robot_description) by extensions ['ros']
[0.340s] Level 1:colcon.colcon_core.package_identification:_identify(src/my_robot_description) by extension 'ros'
[0.341s] DEBUG:colcon.colcon_core.package_identification:Package 'src/my_robot_description' with type 'ros.ament_cmake' and name 'my_robot_description'
[0.341s] Level 1:colcon.colcon_core.package_discovery:discover_packages(recursive) using defaults
[0.341s] Level 1:colcon.colcon_core.package_discovery:discover_packages(ignore) discover
[0.341s] Level 1:colcon.colcon_core.package_discovery:discover_packages(ignore) using defaults
[0.341s] Level 1:colcon.colcon_core.package_discovery:discover_packages(path) discover
[0.341s] Level 1:colcon.colcon_core.package_discovery:discover_packages(path) using defaults
[0.364s] Level 1:colcon.colcon_core.package_discovery:discover_packages(prefix_path) check parameters
[0.364s] Level 1:colcon.colcon_core.package_discovery:discover_packages(prefix_path) discover
[0.366s] DEBUG:colcon.colcon_installed_package_information.package_discovery:Found 333 installed packages in /opt/ros/humble
[0.367s] Level 1:colcon.colcon_core.package_discovery:discover_packages(prefix_path) using defaults
[0.392s] Level 5:colcon.colcon_core.verb:set package 'fanuc_m900ib_support' build argument 'cmake_args' from command line to 'None'
[0.392s] Level 5:colcon.colcon_core.verb:set package 'fanuc_m900ib_support' build argument 'cmake_target' from command line to 'None'
[0.392s] Level 5:colcon.colcon_core.verb:set package 'fanuc_m900ib_support' build argument 'cmake_target_skip_unavailable' from command line to 'False'
[0.392s] Level 5:colcon.colcon_core.verb:set package 'fanuc_m900ib_support' build argument 'cmake_clean_cache' from command line to 'False'
[0.392s] Level 5:colcon.colcon_core.verb:set package 'fanuc_m900ib_support' build argument 'cmake_clean_first' from command line to 'False'
[0.392s] Level 5:colcon.colcon_core.verb:set package 'fanuc_m900ib_support' build argument 'cmake_force_configure' from command line to 'False'
[0.392s] Level 5:colcon.colcon_core.verb:set package 'fanuc_m900ib_support' build argument 'ament_cmake_args' from command line to 'None'
[0.392s] Level 5:colcon.colcon_core.verb:set package 'fanuc_m900ib_support' build argument 'catkin_cmake_args' from command line to 'None'
[0.392s] Level 5:colcon.colcon_core.verb:set package 'fanuc_m900ib_support' build argument 'catkin_skip_building_tests' from command line to 'False'
[0.392s] DEBUG:colcon.colcon_core.verb:Building package 'fanuc_m900ib_support' with the following arguments: {'ament_cmake_args': None, 'build_base': '/home/matija-pongracic/PAS/PAS_DZ_01/build/fanuc_m900ib_support', 'catkin_cmake_args': None, 'catkin_skip_building_tests': False, 'cmake_args': None, 'cmake_clean_cache': False, 'cmake_clean_first': False, 'cmake_force_configure': False, 'cmake_target': None, 'cmake_target_skip_unavailable': False, 'install_base': '/home/matija-pongracic/PAS/PAS_DZ_01/install/fanuc_m900ib_support', 'merge_install': False, 'path': '/home/matija-pongracic/PAS/PAS_DZ_01/src/fanuc_m900ib_support', 'symlink_install': False, 'test_result_base': None}
[0.392s] Level 5:colcon.colcon_core.verb:set package 'fanuc_resources' build argument 'cmake_args' from command line to 'None'
[0.392s] Level 5:colcon.colcon_core.verb:set package 'fanuc_resources' build argument 'cmake_target' from command line to 'None'
[0.392s] Level 5:colcon.colcon_core.verb:set package 'fanuc_resources' build argument 'cmake_target_skip_unavailable' from command line to 'False'
[0.392s] Level 5:colcon.colcon_core.verb:set package 'fanuc_resources' build argument 'cmake_clean_cache' from command line to 'False'
[0.392s] Level 5:colcon.colcon_core.verb:set package 'fanuc_resources' build argument 'cmake_clean_first' from command line to 'False'
[0.392s] Level 5:colcon.colcon_core.verb:set package 'fanuc_resources' build argument 'cmake_force_configure' from command line to 'False'
[0.392s] Level 5:colcon.colcon_core.verb:set package 'fanuc_resources' build argument 'ament_cmake_args' from command line to 'None'
[0.392s] Level 5:colcon.colcon_core.verb:set package 'fanuc_resources' build argument 'catkin_cmake_args' from command line to 'None'
[0.392s] Level 5:colcon.colcon_core.verb:set package 'fanuc_resources' build argument 'catkin_skip_building_tests' from command line to 'False'
[0.392s] DEBUG:colcon.colcon_core.verb:Building package 'fanuc_resources' with the following arguments: {'ament_cmake_args': None, 'build_base': '/home/matija-pongracic/PAS/PAS_DZ_01/build/fanuc_resources', 'catkin_cmake_args': None, 'catkin_skip_building_tests': False, 'cmake_args': None, 'cmake_clean_cache': False, 'cmake_clean_first': False, 'cmake_force_configure': False, 'cmake_target': None, 'cmake_target_skip_unavailable': False, 'install_base': '/home/matija-pongracic/PAS/PAS_DZ_01/install/fanuc_resources', 'merge_install': False, 'path': '/home/matija-pongracic/PAS/PAS_DZ_01/src/fanuc_resources', 'symlink_install': False, 'test_result_base': None}
[0.392s] Level 5:colcon.colcon_core.verb:set package 'my_robot_bringup' build argument 'cmake_args' from command line to 'None'
[0.392s] Level 5:colcon.colcon_core.verb:set package 'my_robot_bringup' build argument 'cmake_target' from command line to 'None'
[0.392s] Level 5:colcon.colcon_core.verb:set package 'my_robot_bringup' build argument 'cmake_target_skip_unavailable' from command line to 'False'
[0.392s] Level 5:colcon.colcon_core.verb:set package 'my_robot_bringup' build argument 'cmake_clean_cache' from command line to 'False'
[0.392s] Level 5:colcon.colcon_core.verb:set package 'my_robot_bringup' build argument 'cmake_clean_first' from command line to 'False'
[0.393s] Level 5:colcon.colcon_core.verb:set package 'my_robot_bringup' build argument 'cmake_force_configure' from command line to 'False'
[0.393s] Level 5:colcon.colcon_core.verb:set package 'my_robot_bringup' build argument 'ament_cmake_args' from command line to 'None'
[0.393s] Level 5:colcon.colcon_core.verb:set package 'my_robot_bringup' build argument 'catkin_cmake_args' from command line to 'None'
[0.393s] Level 5:colcon.colcon_core.verb:set package 'my_robot_bringup' build argument 'catkin_skip_building_tests' from command line to 'False'
[0.393s] DEBUG:colcon.colcon_core.verb:Building package 'my_robot_bringup' with the following arguments: {'ament_cmake_args': None, 'build_base': '/home/matija-pongracic/PAS/PAS_DZ_01/build/my_robot_bringup', 'catkin_cmake_args': None, 'catkin_skip_building_tests': False, 'cmake_args': None, 'cmake_clean_cache': False, 'cmake_clean_first': False, 'cmake_force_configure': False, 'cmake_target': None, 'cmake_target_skip_unavailable': False, 'install_base': '/home/matija-pongracic/PAS/PAS_DZ_01/install/my_robot_bringup', 'merge_install': False, 'path': '/home/matija-pongracic/PAS/PAS_DZ_01/src/my_robot_bringup', 'symlink_install': False, 'test_result_base': None}
[0.393s] Level 5:colcon.colcon_core.verb:set package 'my_robot_description' build argument 'cmake_args' from command line to 'None'
[0.393s] Level 5:colcon.colcon_core.verb:set package 'my_robot_description' build argument 'cmake_target' from command line to 'None'
[0.393s] Level 5:colcon.colcon_core.verb:set package 'my_robot_description' build argument 'cmake_target_skip_unavailable' from command line to 'False'
[0.393s] Level 5:colcon.colcon_core.verb:set package 'my_robot_description' build argument 'cmake_clean_cache' from command line to 'False'
[0.393s] Level 5:colcon.colcon_core.verb:set package 'my_robot_description' build argument 'cmake_clean_first' from command line to 'False'
[0.393s] Level 5:colcon.colcon_core.verb:set package 'my_robot_description' build argument 'cmake_force_configure' from command line to 'False'
[0.393s] Level 5:colcon.colcon_core.verb:set package 'my_robot_description' build argument 'ament_cmake_args' from command line to 'None'
[0.393s] Level 5:colcon.colcon_core.verb:set package 'my_robot_description' build argument 'catkin_cmake_args' from command line to 'None'
[0.393s] Level 5:colcon.colcon_core.verb:set package 'my_robot_description' build argument 'catkin_skip_building_tests' from command line to 'False'
[0.393s] DEBUG:colcon.colcon_core.verb:Building package 'my_robot_description' with the following arguments: {'ament_cmake_args': None, 'build_base': '/home/matija-pongracic/PAS/PAS_DZ_01/build/my_robot_description', 'catkin_cmake_args': None, 'catkin_skip_building_tests': False, 'cmake_args': None, 'cmake_clean_cache': False, 'cmake_clean_first': False, 'cmake_force_configure': False, 'cmake_target': None, 'cmake_target_skip_unavailable': False, 'install_base': '/home/matija-pongracic/PAS/PAS_DZ_01/install/my_robot_description', 'merge_install': False, 'path': '/home/matija-pongracic/PAS/PAS_DZ_01/src/my_robot_description', 'symlink_install': False, 'test_result_base': None}
[0.393s] INFO:colcon.colcon_core.executor:Executing jobs using 'parallel' executor
[0.394s] DEBUG:colcon.colcon_parallel_executor.executor.parallel:run_until_complete
[0.394s] INFO:colcon.colcon_ros.task.ament_cmake.build:Building ROS package in '/home/matija-pongracic/PAS/PAS_DZ_01/src/fanuc_m900ib_support' with build type 'ament_cmake'
[0.394s] INFO:colcon.colcon_cmake.task.cmake.build:Building CMake package in '/home/matija-pongracic/PAS/PAS_DZ_01/src/fanuc_m900ib_support'
[0.396s] INFO:colcon.colcon_core.plugin_system:Skipping extension 'colcon_core.shell.bat': Not used on non-Windows systems
[0.396s] INFO:colcon.colcon_core.shell:Skip shell extension 'powershell' for command environment: Not usable outside of PowerShell
[0.396s] DEBUG:colcon.colcon_core.shell:Skip shell extension 'dsv' for command environment
[0.398s] INFO:colcon.colcon_ros.task.ament_cmake.build:Building ROS package in '/home/matija-pongracic/PAS/PAS_DZ_01/src/fanuc_resources' with build type 'ament_cmake'
[0.398s] INFO:colcon.colcon_cmake.task.cmake.build:Building CMake package in '/home/matija-pongracic/PAS/PAS_DZ_01/src/fanuc_resources'
[0.399s] INFO:colcon.colcon_core.shell:Skip shell extension 'powershell' for command environment: Not usable outside of PowerShell
[0.399s] DEBUG:colcon.colcon_core.shell:Skip shell extension 'dsv' for command environment
[0.400s] INFO:colcon.colcon_ros.task.ament_cmake.build:Building ROS package in '/home/matija-pongracic/PAS/PAS_DZ_01/src/my_robot_bringup' with build type 'ament_cmake'
[0.400s] INFO:colcon.colcon_cmake.task.cmake.build:Building CMake package in '/home/matija-pongracic/PAS/PAS_DZ_01/src/my_robot_bringup'
[0.400s] INFO:colcon.colcon_core.shell:Skip shell extension 'powershell' for command environment: Not usable outside of PowerShell
[0.400s] DEBUG:colcon.colcon_core.shell:Skip shell extension 'dsv' for command environment
[0.402s] INFO:colcon.colcon_ros.task.ament_cmake.build:Building ROS package in '/home/matija-pongracic/PAS/PAS_DZ_01/src/my_robot_description' with build type 'ament_cmake'
[0.402s] INFO:colcon.colcon_cmake.task.cmake.build:Building CMake package in '/home/matija-pongracic/PAS/PAS_DZ_01/src/my_robot_description'
[0.402s] INFO:colcon.colcon_core.shell:Skip shell extension 'powershell' for command environment: Not usable outside of PowerShell
[0.402s] DEBUG:colcon.colcon_core.shell:Skip shell extension 'dsv' for command environment
[0.408s] DEBUG:colcon.colcon_core.event_handler.log_command:Invoking command in '/home/matija-pongracic/PAS/PAS_DZ_01/build/fanuc_m900ib_support': CMAKE_PREFIX_PATH=/opt/ros/humble /usr/bin/cmake --build /home/matija-pongracic/PAS/PAS_DZ_01/build/fanuc_m900ib_support -- -j12 -l12
[0.411s] DEBUG:colcon.colcon_core.event_handler.log_command:Invoking command in '/home/matija-pongracic/PAS/PAS_DZ_01/build/fanuc_resources': CMAKE_PREFIX_PATH=/opt/ros/humble /usr/bin/cmake --build /home/matija-pongracic/PAS/PAS_DZ_01/build/fanuc_resources -- -j12 -l12
[0.416s] DEBUG:colcon.colcon_core.event_handler.log_command:Invoking command in '/home/matija-pongracic/PAS/PAS_DZ_01/build/my_robot_bringup': CMAKE_PREFIX_PATH=/opt/ros/humble /usr/bin/cmake --build /home/matija-pongracic/PAS/PAS_DZ_01/build/my_robot_bringup -- -j12 -l12
[0.420s] DEBUG:colcon.colcon_core.event_handler.log_command:Invoking command in '/home/matija-pongracic/PAS/PAS_DZ_01/build/my_robot_description': CMAKE_PREFIX_PATH=/opt/ros/humble /usr/bin/cmake --build /home/matija-pongracic/PAS/PAS_DZ_01/build/my_robot_description -- -j12 -l12
[0.467s] DEBUG:colcon.colcon_core.event_handler.log_command:Invoked command in '/home/matija-pongracic/PAS/PAS_DZ_01/build/fanuc_resources' returned '0': CMAKE_PREFIX_PATH=/opt/ros/humble /usr/bin/cmake --build /home/matija-pongracic/PAS/PAS_DZ_01/build/fanuc_resources -- -j12 -l12
[0.478s] DEBUG:colcon.colcon_core.event_handler.log_command:Invoking command in '/home/matija-pongracic/PAS/PAS_DZ_01/build/fanuc_resources': CMAKE_PREFIX_PATH=/opt/ros/humble /usr/bin/cmake --install /home/matija-pongracic/PAS/PAS_DZ_01/build/fanuc_resources
[0.479s] DEBUG:colcon.colcon_core.event_handler.log_command:Invoked command in '/home/matija-pongracic/PAS/PAS_DZ_01/build/my_robot_description' returned '0': CMAKE_PREFIX_PATH=/opt/ros/humble /usr/bin/cmake --build /home/matija-pongracic/PAS/PAS_DZ_01/build/my_robot_description -- -j12 -l12
[0.481s] DEBUG:colcon.colcon_core.event_handler.log_command:Invoking command in '/home/matija-pongracic/PAS/PAS_DZ_01/build/my_robot_description': CMAKE_PREFIX_PATH=/opt/ros/humble /usr/bin/cmake --install /home/matija-pongracic/PAS/PAS_DZ_01/build/my_robot_description
[0.482s] DEBUG:colcon.colcon_core.event_handler.log_command:Invoked command in '/home/matija-pongracic/PAS/PAS_DZ_01/build/fanuc_m900ib_support' returned '0': CMAKE_PREFIX_PATH=/opt/ros/humble /usr/bin/cmake --build /home/matija-pongracic/PAS/PAS_DZ_01/build/fanuc_m900ib_support -- -j12 -l12
[0.483s] DEBUG:colcon.colcon_core.event_handler.log_command:Invoking command in '/home/matija-pongracic/PAS/PAS_DZ_01/build/fanuc_m900ib_support': CMAKE_PREFIX_PATH=/opt/ros/humble /usr/bin/cmake --install /home/matija-pongracic/PAS/PAS_DZ_01/build/fanuc_m900ib_support
[0.484s] DEBUG:colcon.colcon_core.event_handler.log_command:Invoked command in '/home/matija-pongracic/PAS/PAS_DZ_01/build/my_robot_bringup' returned '0': CMAKE_PREFIX_PATH=/opt/ros/humble /usr/bin/cmake --build /home/matija-pongracic/PAS/PAS_DZ_01/build/my_robot_bringup -- -j12 -l12
[0.487s] Level 1:colcon.colcon_core.environment:create_environment_scripts_only(fanuc_resources)
[0.488s] DEBUG:colcon.colcon_core.event_handler.log_command:Invoking command in '/home/matija-pongracic/PAS/PAS_DZ_01/build/my_robot_bringup': CMAKE_PREFIX_PATH=/opt/ros/humble /usr/bin/cmake --install /home/matija-pongracic/PAS/PAS_DZ_01/build/my_robot_bringup
[0.489s] DEBUG:colcon.colcon_core.event_handler.log_command:Invoked command in '/home/matija-pongracic/PAS/PAS_DZ_01/build/fanuc_resources' returned '0': CMAKE_PREFIX_PATH=/opt/ros/humble /usr/bin/cmake --install /home/matija-pongracic/PAS/PAS_DZ_01/build/fanuc_resources
[0.502s] Level 1:colcon.colcon_core.environment:checking '/home/matija-pongracic/PAS/PAS_DZ_01/install/fanuc_resources' for CMake module files
[0.502s] Level 1:colcon.colcon_core.environment:checking '/home/matija-pongracic/PAS/PAS_DZ_01/install/fanuc_resources' for CMake config files
[0.503s] Level 1:colcon.colcon_core.shell:create_environment_hook('fanuc_resources', 'cmake_prefix_path')
[0.503s] INFO:colcon.colcon_core.shell:Creating environment hook '/home/matija-pongracic/PAS/PAS_DZ_01/install/fanuc_resources/share/fanuc_resources/hook/cmake_prefix_path.ps1'
[0.504s] INFO:colcon.colcon_core.shell:Creating environment descriptor '/home/matija-pongracic/PAS/PAS_DZ_01/install/fanuc_resources/share/fanuc_resources/hook/cmake_prefix_path.dsv'
[0.505s] INFO:colcon.colcon_core.shell:Creating environment hook '/home/matija-pongracic/PAS/PAS_DZ_01/install/fanuc_resources/share/fanuc_resources/hook/cmake_prefix_path.sh'
[0.506s] Level 1:colcon.colcon_core.environment:checking '/home/matija-pongracic/PAS/PAS_DZ_01/install/fanuc_resources/bin'
[0.506s] Level 1:colcon.colcon_core.environment:checking '/home/matija-pongracic/PAS/PAS_DZ_01/install/fanuc_resources/lib/pkgconfig/fanuc_resources.pc'
[0.507s] Level 1:colcon.colcon_core.environment:checking '/home/matija-pongracic/PAS/PAS_DZ_01/install/fanuc_resources/lib/python3.10/site-packages'
[0.507s] Level 1:colcon.colcon_core.environment:checking '/home/matija-pongracic/PAS/PAS_DZ_01/install/fanuc_resources/bin'
[0.508s] INFO:colcon.colcon_core.shell:Creating package script '/home/matija-pongracic/PAS/PAS_DZ_01/install/fanuc_resources/share/fanuc_resources/package.ps1'
[0.509s] INFO:colcon.colcon_core.shell:Creating package descriptor '/home/matija-pongracic/PAS/PAS_DZ_01/install/fanuc_resources/share/fanuc_resources/package.dsv'
[0.509s] INFO:colcon.colcon_core.shell:Creating package script '/home/matija-pongracic/PAS/PAS_DZ_01/install/fanuc_resources/share/fanuc_resources/package.sh'
[0.510s] INFO:colcon.colcon_core.shell:Creating package script '/home/matija-pongracic/PAS/PAS_DZ_01/install/fanuc_resources/share/fanuc_resources/package.bash'
[0.511s] INFO:colcon.colcon_core.shell:Creating package script '/home/matija-pongracic/PAS/PAS_DZ_01/install/fanuc_resources/share/fanuc_resources/package.zsh'
[0.511s] Level 1:colcon.colcon_core.environment:create_file_with_runtime_dependencies(/home/matija-pongracic/PAS/PAS_DZ_01/install/fanuc_resources/share/colcon-core/packages/fanuc_resources)
[0.512s] Level 1:colcon.colcon_core.environment:create_environment_scripts_only(fanuc_resources)
[0.512s] Level 1:colcon.colcon_core.environment:checking '/home/matija-pongracic/PAS/PAS_DZ_01/install/fanuc_resources' for CMake module files
[0.512s] Level 1:colcon.colcon_core.environment:checking '/home/matija-pongracic/PAS/PAS_DZ_01/install/fanuc_resources' for CMake config files
[0.512s] Level 1:colcon.colcon_core.shell:create_environment_hook('fanuc_resources', 'cmake_prefix_path')
[0.512s] INFO:colcon.colcon_core.shell:Creating environment hook '/home/matija-pongracic/PAS/PAS_DZ_01/install/fanuc_resources/share/fanuc_resources/hook/cmake_prefix_path.ps1'
[0.512s] INFO:colcon.colcon_core.shell:Creating environment descriptor '/home/matija-pongracic/PAS/PAS_DZ_01/install/fanuc_resources/share/fanuc_resources/hook/cmake_prefix_path.dsv'
[0.513s] INFO:colcon.colcon_core.shell:Creating environment hook '/home/matija-pongracic/PAS/PAS_DZ_01/install/fanuc_resources/share/fanuc_resources/hook/cmake_prefix_path.sh'
[0.513s] Level 1:colcon.colcon_core.environment:checking '/home/matija-pongracic/PAS/PAS_DZ_01/install/fanuc_resources/bin'
[0.513s] Level 1:colcon.colcon_core.environment:checking '/home/matija-pongracic/PAS/PAS_DZ_01/install/fanuc_resources/lib/pkgconfig/fanuc_resources.pc'
[0.513s] Level 1:colcon.colcon_core.environment:checking '/home/matija-pongracic/PAS/PAS_DZ_01/install/fanuc_resources/lib/python3.10/site-packages'
[0.513s] Level 1:colcon.colcon_core.environment:checking '/home/matija-pongracic/PAS/PAS_DZ_01/install/fanuc_resources/bin'
[0.514s] INFO:colcon.colcon_core.shell:Creating package script '/home/matija-pongracic/PAS/PAS_DZ_01/install/fanuc_resources/share/fanuc_resources/package.ps1'
[0.514s] INFO:colcon.colcon_core.shell:Creating package descriptor '/home/matija-pongracic/PAS/PAS_DZ_01/install/fanuc_resources/share/fanuc_resources/package.dsv'
[0.514s] INFO:colcon.colcon_core.shell:Creating package script '/home/matija-pongracic/PAS/PAS_DZ_01/install/fanuc_resources/share/fanuc_resources/package.sh'
[0.514s] INFO:colcon.colcon_core.shell:Creating package script '/home/matija-pongracic/PAS/PAS_DZ_01/install/fanuc_resources/share/fanuc_resources/package.bash'
[0.515s] INFO:colcon.colcon_core.shell:Creating package script '/home/matija-pongracic/PAS/PAS_DZ_01/install/fanuc_resources/share/fanuc_resources/package.zsh'
[0.515s] Level 1:colcon.colcon_core.environment:create_file_with_runtime_dependencies(/home/matija-pongracic/PAS/PAS_DZ_01/install/fanuc_resources/share/colcon-core/packages/fanuc_resources)
[0.516s] Level 1:colcon.colcon_core.environment:create_environment_scripts_only(my_robot_description)
[0.517s] Level 1:colcon.colcon_core.environment:checking '/home/matija-pongracic/PAS/PAS_DZ_01/install/my_robot_description' for CMake module files
[0.517s] DEBUG:colcon.colcon_core.event_handler.log_command:Invoked command in '/home/matija-pongracic/PAS/PAS_DZ_01/build/my_robot_description' returned '0': CMAKE_PREFIX_PATH=/opt/ros/humble /usr/bin/cmake --install /home/matija-pongracic/PAS/PAS_DZ_01/build/my_robot_description
[0.518s] Level 1:colcon.colcon_core.environment:checking '/home/matija-pongracic/PAS/PAS_DZ_01/install/my_robot_description' for CMake config files
[0.518s] Level 1:colcon.colcon_core.shell:create_environment_hook('my_robot_description', 'cmake_prefix_path')
[0.518s] INFO:colcon.colcon_core.shell:Creating environment hook '/home/matija-pongracic/PAS/PAS_DZ_01/install/my_robot_description/share/my_robot_description/hook/cmake_prefix_path.ps1'
[0.519s] INFO:colcon.colcon_core.shell:Creating environment descriptor '/home/matija-pongracic/PAS/PAS_DZ_01/install/my_robot_description/share/my_robot_description/hook/cmake_prefix_path.dsv'
[0.519s] INFO:colcon.colcon_core.shell:Creating environment hook '/home/matija-pongracic/PAS/PAS_DZ_01/install/my_robot_description/share/my_robot_description/hook/cmake_prefix_path.sh'
[0.520s] Level 1:colcon.colcon_core.environment:checking '/home/matija-pongracic/PAS/PAS_DZ_01/install/my_robot_description/bin'
[0.520s] Level 1:colcon.colcon_core.environment:checking '/home/matija-pongracic/PAS/PAS_DZ_01/install/my_robot_description/lib/pkgconfig/my_robot_description.pc'
[0.520s] Level 1:colcon.colcon_core.environment:checking '/home/matija-pongracic/PAS/PAS_DZ_01/install/my_robot_description/lib/python3.10/site-packages'
[0.520s] Level 1:colcon.colcon_core.environment:checking '/home/matija-pongracic/PAS/PAS_DZ_01/install/my_robot_description/bin'
[0.521s] INFO:colcon.colcon_core.shell:Creating package script '/home/matija-pongracic/PAS/PAS_DZ_01/install/my_robot_description/share/my_robot_description/package.ps1'
[0.521s] INFO:colcon.colcon_core.shell:Creating package descriptor '/home/matija-pongracic/PAS/PAS_DZ_01/install/my_robot_description/share/my_robot_description/package.dsv'
[0.521s] INFO:colcon.colcon_core.shell:Creating package script '/home/matija-pongracic/PAS/PAS_DZ_01/install/my_robot_description/share/my_robot_description/package.sh'
[0.522s] INFO:colcon.colcon_core.shell:Creating package script '/home/matija-pongracic/PAS/PAS_DZ_01/install/my_robot_description/share/my_robot_description/package.bash'
[0.522s] INFO:colcon.colcon_core.shell:Creating package script '/home/matija-pongracic/PAS/PAS_DZ_01/install/my_robot_description/share/my_robot_description/package.zsh'
[0.522s] Level 1:colcon.colcon_core.environment:create_file_with_runtime_dependencies(/home/matija-pongracic/PAS/PAS_DZ_01/install/my_robot_description/share/colcon-core/packages/my_robot_description)
[0.523s] Level 1:colcon.colcon_core.environment:create_environment_scripts_only(my_robot_description)
[0.523s] Level 1:colcon.colcon_core.environment:checking '/home/matija-pongracic/PAS/PAS_DZ_01/install/my_robot_description' for CMake module files
[0.523s] Level 1:colcon.colcon_core.environment:checking '/home/matija-pongracic/PAS/PAS_DZ_01/install/my_robot_description' for CMake config files
[0.523s] Level 1:colcon.colcon_core.shell:create_environment_hook('my_robot_description', 'cmake_prefix_path')
[0.523s] INFO:colcon.colcon_core.shell:Creating environment hook '/home/matija-pongracic/PAS/PAS_DZ_01/install/my_robot_description/share/my_robot_description/hook/cmake_prefix_path.ps1'
[0.523s] INFO:colcon.colcon_core.shell:Creating environment descriptor '/home/matija-pongracic/PAS/PAS_DZ_01/install/my_robot_description/share/my_robot_description/hook/cmake_prefix_path.dsv'
[0.524s] INFO:colcon.colcon_core.shell:Creating environment hook '/home/matija-pongracic/PAS/PAS_DZ_01/install/my_robot_description/share/my_robot_description/hook/cmake_prefix_path.sh'
[0.524s] Level 1:colcon.colcon_core.environment:checking '/home/matija-pongracic/PAS/PAS_DZ_01/install/my_robot_description/bin'
[0.524s] Level 1:colcon.colcon_core.environment:checking '/home/matija-pongracic/PAS/PAS_DZ_01/install/my_robot_description/lib/pkgconfig/my_robot_description.pc'
[0.524s] Level 1:colcon.colcon_core.environment:checking '/home/matija-pongracic/PAS/PAS_DZ_01/install/my_robot_description/lib/python3.10/site-packages'
[0.524s] Level 1:colcon.colcon_core.environment:checking '/home/matija-pongracic/PAS/PAS_DZ_01/install/my_robot_description/bin'
[0.525s] INFO:colcon.colcon_core.shell:Creating package script '/home/matija-pongracic/PAS/PAS_DZ_01/install/my_robot_description/share/my_robot_description/package.ps1'
[0.525s] INFO:colcon.colcon_core.shell:Creating package descriptor '/home/matija-pongracic/PAS/PAS_DZ_01/install/my_robot_description/share/my_robot_description/package.dsv'
[0.525s] INFO:colcon.colcon_core.shell:Creating package script '/home/matija-pongracic/PAS/PAS_DZ_01/install/my_robot_description/share/my_robot_description/package.sh'
[0.526s] INFO:colcon.colcon_core.shell:Creating package script '/home/matija-pongracic/PAS/PAS_DZ_01/install/my_robot_description/share/my_robot_description/package.bash'
[0.526s] INFO:colcon.colcon_core.shell:Creating package script '/home/matija-pongracic/PAS/PAS_DZ_01/install/my_robot_description/share/my_robot_description/package.zsh'
[0.526s] Level 1:colcon.colcon_core.environment:create_file_with_runtime_dependencies(/home/matija-pongracic/PAS/PAS_DZ_01/install/my_robot_description/share/colcon-core/packages/my_robot_description)
[0.527s] Level 1:colcon.colcon_core.environment:create_environment_scripts_only(my_robot_bringup)
[0.527s] Level 1:colcon.colcon_core.environment:checking '/home/matija-pongracic/PAS/PAS_DZ_01/install/my_robot_bringup' for CMake module files
[0.527s] DEBUG:colcon.colcon_core.event_handler.log_command:Invoked command in '/home/matija-pongracic/PAS/PAS_DZ_01/build/my_robot_bringup' returned '0': CMAKE_PREFIX_PATH=/opt/ros/humble /usr/bin/cmake --install /home/matija-pongracic/PAS/PAS_DZ_01/build/my_robot_bringup
[0.527s] Level 1:colcon.colcon_core.environment:checking '/home/matija-pongracic/PAS/PAS_DZ_01/install/my_robot_bringup' for CMake config files
[0.528s] Level 1:colcon.colcon_core.shell:create_environment_hook('my_robot_bringup', 'cmake_prefix_path')
[0.528s] INFO:colcon.colcon_core.shell:Creating environment hook '/home/matija-pongracic/PAS/PAS_DZ_01/install/my_robot_bringup/share/my_robot_bringup/hook/cmake_prefix_path.ps1'
[0.528s] INFO:colcon.colcon_core.shell:Creating environment descriptor '/home/matija-pongracic/PAS/PAS_DZ_01/install/my_robot_bringup/share/my_robot_bringup/hook/cmake_prefix_path.dsv'
[0.528s] INFO:colcon.colcon_core.shell:Creating environment hook '/home/matija-pongracic/PAS/PAS_DZ_01/install/my_robot_bringup/share/my_robot_bringup/hook/cmake_prefix_path.sh'
[0.529s] Level 1:colcon.colcon_core.environment:checking '/home/matija-pongracic/PAS/PAS_DZ_01/install/my_robot_bringup/bin'
[0.529s] Level 1:colcon.colcon_core.environment:checking '/home/matija-pongracic/PAS/PAS_DZ_01/install/my_robot_bringup/lib/pkgconfig/my_robot_bringup.pc'
[0.529s] Level 1:colcon.colcon_core.environment:checking '/home/matija-pongracic/PAS/PAS_DZ_01/install/my_robot_bringup/lib/python3.10/site-packages'
[0.529s] Level 1:colcon.colcon_core.environment:checking '/home/matija-pongracic/PAS/PAS_DZ_01/install/my_robot_bringup/bin'
[0.529s] INFO:colcon.colcon_core.shell:Creating package script '/home/matija-pongracic/PAS/PAS_DZ_01/install/my_robot_bringup/share/my_robot_bringup/package.ps1'
[0.529s] INFO:colcon.colcon_core.shell:Creating package descriptor '/home/matija-pongracic/PAS/PAS_DZ_01/install/my_robot_bringup/share/my_robot_bringup/package.dsv'
[0.530s] INFO:colcon.colcon_core.shell:Creating package script '/home/matija-pongracic/PAS/PAS_DZ_01/install/my_robot_bringup/share/my_robot_bringup/package.sh'
[0.530s] INFO:colcon.colcon_core.shell:Creating package script '/home/matija-pongracic/PAS/PAS_DZ_01/install/my_robot_bringup/share/my_robot_bringup/package.bash'
[0.530s] INFO:colcon.colcon_core.shell:Creating package script '/home/matija-pongracic/PAS/PAS_DZ_01/install/my_robot_bringup/share/my_robot_bringup/package.zsh'
[0.530s] Level 1:colcon.colcon_core.environment:create_file_with_runtime_dependencies(/home/matija-pongracic/PAS/PAS_DZ_01/install/my_robot_bringup/share/colcon-core/packages/my_robot_bringup)
[0.530s] Level 1:colcon.colcon_core.environment:create_environment_scripts_only(my_robot_bringup)
[0.531s] Level 1:colcon.colcon_core.environment:checking '/home/matija-pongracic/PAS/PAS_DZ_01/install/my_robot_bringup' for CMake module files
[0.531s] Level 1:colcon.colcon_core.environment:checking '/home/matija-pongracic/PAS/PAS_DZ_01/install/my_robot_bringup' for CMake config files
[0.531s] Level 1:colcon.colcon_core.shell:create_environment_hook('my_robot_bringup', 'cmake_prefix_path')
[0.531s] INFO:colcon.colcon_core.shell:Creating environment hook '/home/matija-pongracic/PAS/PAS_DZ_01/install/my_robot_bringup/share/my_robot_bringup/hook/cmake_prefix_path.ps1'
[0.531s] INFO:colcon.colcon_core.shell:Creating environment descriptor '/home/matija-pongracic/PAS/PAS_DZ_01/install/my_robot_bringup/share/my_robot_bringup/hook/cmake_prefix_path.dsv'
[0.531s] INFO:colcon.colcon_core.shell:Creating environment hook '/home/matija-pongracic/PAS/PAS_DZ_01/install/my_robot_bringup/share/my_robot_bringup/hook/cmake_prefix_path.sh'
[0.532s] Level 1:colcon.colcon_core.environment:checking '/home/matija-pongracic/PAS/PAS_DZ_01/install/my_robot_bringup/bin'
[0.532s] Level 1:colcon.colcon_core.environment:checking '/home/matija-pongracic/PAS/PAS_DZ_01/install/my_robot_bringup/lib/pkgconfig/my_robot_bringup.pc'
[0.532s] Level 1:colcon.colcon_core.environment:checking '/home/matija-pongracic/PAS/PAS_DZ_01/install/my_robot_bringup/lib/python3.10/site-packages'
[0.532s] Level 1:colcon.colcon_core.environment:checking '/home/matija-pongracic/PAS/PAS_DZ_01/install/my_robot_bringup/bin'
[0.532s] INFO:colcon.colcon_core.shell:Creating package script '/home/matija-pongracic/PAS/PAS_DZ_01/install/my_robot_bringup/share/my_robot_bringup/package.ps1'
[0.533s] INFO:colcon.colcon_core.shell:Creating package descriptor '/home/matija-pongracic/PAS/PAS_DZ_01/install/my_robot_bringup/share/my_robot_bringup/package.dsv'
[0.533s] INFO:colcon.colcon_core.shell:Creating package script '/home/matija-pongracic/PAS/PAS_DZ_01/install/my_robot_bringup/share/my_robot_bringup/package.sh'
[0.533s] INFO:colcon.colcon_core.shell:Creating package script '/home/matija-pongracic/PAS/PAS_DZ_01/install/my_robot_bringup/share/my_robot_bringup/package.bash'
[0.533s] INFO:colcon.colcon_core.shell:Creating package script '/home/matija-pongracic/PAS/PAS_DZ_01/install/my_robot_bringup/share/my_robot_bringup/package.zsh'
[0.533s] Level 1:colcon.colcon_core.environment:create_file_with_runtime_dependencies(/home/matija-pongracic/PAS/PAS_DZ_01/install/my_robot_bringup/share/colcon-core/packages/my_robot_bringup)
[0.534s] Level 1:colcon.colcon_core.environment:create_environment_scripts_only(fanuc_m900ib_support)
[0.534s] Level 1:colcon.colcon_core.environment:checking '/home/matija-pongracic/PAS/PAS_DZ_01/install/fanuc_m900ib_support' for CMake module files
[0.534s] DEBUG:colcon.colcon_core.event_handler.log_command:Invoked command in '/home/matija-pongracic/PAS/PAS_DZ_01/build/fanuc_m900ib_support' returned '0': CMAKE_PREFIX_PATH=/opt/ros/humble /usr/bin/cmake --install /home/matija-pongracic/PAS/PAS_DZ_01/build/fanuc_m900ib_support
[0.535s] Level 1:colcon.colcon_core.environment:checking '/home/matija-pongracic/PAS/PAS_DZ_01/install/fanuc_m900ib_support' for CMake config files
[0.535s] Level 1:colcon.colcon_core.shell:create_environment_hook('fanuc_m900ib_support', 'cmake_prefix_path')
[0.535s] INFO:colcon.colcon_core.shell:Creating environment hook '/home/matija-pongracic/PAS/PAS_DZ_01/install/fanuc_m900ib_support/share/fanuc_m900ib_support/hook/cmake_prefix_path.ps1'
[0.536s] INFO:colcon.colcon_core.shell:Creating environment descriptor '/home/matija-pongracic/PAS/PAS_DZ_01/install/fanuc_m900ib_support/share/fanuc_m900ib_support/hook/cmake_prefix_path.dsv'
[0.536s] INFO:colcon.colcon_core.shell:Creating environment hook '/home/matija-pongracic/PAS/PAS_DZ_01/install/fanuc_m900ib_support/share/fanuc_m900ib_support/hook/cmake_prefix_path.sh'
[0.536s] Level 1:colcon.colcon_core.environment:checking '/home/matija-pongracic/PAS/PAS_DZ_01/install/fanuc_m900ib_support/bin'
[0.536s] Level 1:colcon.colcon_core.environment:checking '/home/matija-pongracic/PAS/PAS_DZ_01/install/fanuc_m900ib_support/lib/pkgconfig/fanuc_m900ib_support.pc'
[0.536s] Level 1:colcon.colcon_core.environment:checking '/home/matija-pongracic/PAS/PAS_DZ_01/install/fanuc_m900ib_support/lib/python3.10/site-packages'
[0.537s] Level 1:colcon.colcon_core.environment:checking '/home/matija-pongracic/PAS/PAS_DZ_01/install/fanuc_m900ib_support/bin'
[0.537s] INFO:colcon.colcon_core.shell:Creating package script '/home/matija-pongracic/PAS/PAS_DZ_01/install/fanuc_m900ib_support/share/fanuc_m900ib_support/package.ps1'
[0.537s] INFO:colcon.colcon_core.shell:Creating package descriptor '/home/matija-pongracic/PAS/PAS_DZ_01/install/fanuc_m900ib_support/share/fanuc_m900ib_support/package.dsv'
[0.537s] INFO:colcon.colcon_core.shell:Creating package script '/home/matija-pongracic/PAS/PAS_DZ_01/install/fanuc_m900ib_support/share/fanuc_m900ib_support/package.sh'
[0.537s] INFO:colcon.colcon_core.shell:Creating package script '/home/matija-pongracic/PAS/PAS_DZ_01/install/fanuc_m900ib_support/share/fanuc_m900ib_support/package.bash'
[0.538s] INFO:colcon.colcon_core.shell:Creating package script '/home/matija-pongracic/PAS/PAS_DZ_01/install/fanuc_m900ib_support/share/fanuc_m900ib_support/package.zsh'
[0.538s] Level 1:colcon.colcon_core.environment:create_file_with_runtime_dependencies(/home/matija-pongracic/PAS/PAS_DZ_01/install/fanuc_m900ib_support/share/colcon-core/packages/fanuc_m900ib_support)
[0.538s] Level 1:colcon.colcon_core.environment:create_environment_scripts_only(fanuc_m900ib_support)
[0.538s] Level 1:colcon.colcon_core.environment:checking '/home/matija-pongracic/PAS/PAS_DZ_01/install/fanuc_m900ib_support' for CMake module files
[0.539s] Level 1:colcon.colcon_core.environment:checking '/home/matija-pongracic/PAS/PAS_DZ_01/install/fanuc_m900ib_support' for CMake config files
[0.539s] Level 1:colcon.colcon_core.shell:create_environment_hook('fanuc_m900ib_support', 'cmake_prefix_path')
[0.539s] INFO:colcon.colcon_core.shell:Creating environment hook '/home/matija-pongracic/PAS/PAS_DZ_01/install/fanuc_m900ib_support/share/fanuc_m900ib_support/hook/cmake_prefix_path.ps1'
[0.539s] INFO:colcon.colcon_core.shell:Creating environment descriptor '/home/matija-pongracic/PAS/PAS_DZ_01/install/fanuc_m900ib_support/share/fanuc_m900ib_support/hook/cmake_prefix_path.dsv'
[0.539s] INFO:colcon.colcon_core.shell:Creating environment hook '/home/matija-pongracic/PAS/PAS_DZ_01/install/fanuc_m900ib_support/share/fanuc_m900ib_support/hook/cmake_prefix_path.sh'
[0.540s] Level 1:colcon.colcon_core.environment:checking '/home/matija-pongracic/PAS/PAS_DZ_01/install/fanuc_m900ib_support/bin'
[0.540s] Level 1:colcon.colcon_core.environment:checking '/home/matija-pongracic/PAS/PAS_DZ_01/install/fanuc_m900ib_support/lib/pkgconfig/fanuc_m900ib_support.pc'
[0.540s] Level 1:colcon.colcon_core.environment:checking '/home/matija-pongracic/PAS/PAS_DZ_01/install/fanuc_m900ib_support/lib/python3.10/site-packages'
[0.540s] Level 1:colcon.colcon_core.environment:checking '/home/matija-pongracic/PAS/PAS_DZ_01/install/fanuc_m900ib_support/bin'
[0.540s] INFO:colcon.colcon_core.shell:Creating package script '/home/matija-pongracic/PAS/PAS_DZ_01/install/fanuc_m900ib_support/share/fanuc_m900ib_support/package.ps1'
[0.540s] INFO:colcon.colcon_core.shell:Creating package descriptor '/home/matija-pongracic/PAS/PAS_DZ_01/install/fanuc_m900ib_support/share/fanuc_m900ib_support/package.dsv'
[0.541s] INFO:colcon.colcon_core.shell:Creating package script '/home/matija-pongracic/PAS/PAS_DZ_01/install/fanuc_m900ib_support/share/fanuc_m900ib_support/package.sh'
[0.541s] INFO:colcon.colcon_core.shell:Creating package script '/home/matija-pongracic/PAS/PAS_DZ_01/install/fanuc_m900ib_support/share/fanuc_m900ib_support/package.bash'
[0.541s] INFO:colcon.colcon_core.shell:Creating package script '/home/matija-pongracic/PAS/PAS_DZ_01/install/fanuc_m900ib_support/share/fanuc_m900ib_support/package.zsh'
[0.542s] Level 1:colcon.colcon_core.environment:create_file_with_runtime_dependencies(/home/matija-pongracic/PAS/PAS_DZ_01/install/fanuc_m900ib_support/share/colcon-core/packages/fanuc_m900ib_support)
[0.542s] DEBUG:colcon.colcon_parallel_executor.executor.parallel:closing loop
[0.542s] DEBUG:colcon.colcon_parallel_executor.executor.parallel:loop closed
[0.542s] DEBUG:colcon.colcon_parallel_executor.executor.parallel:run_until_complete finished with '0'
[0.542s] DEBUG:colcon.colcon_core.event_reactor:joining thread
[0.546s] INFO:colcon.colcon_core.plugin_system:Skipping extension 'colcon_notification.desktop_notification.terminal_notifier': Not used on non-Darwin systems
[0.546s] INFO:colcon.colcon_core.plugin_system:Skipping extension 'colcon_notification.desktop_notification.win32': Not used on non-Windows systems
[0.546s] INFO:colcon.colcon_notification.desktop_notification:Sending desktop notification using 'notify2'
[0.569s] DEBUG:colcon.colcon_core.event_reactor:joined thread
[0.570s] INFO:colcon.colcon_core.shell:Creating prefix script '/home/matija-pongracic/PAS/PAS_DZ_01/install/local_setup.ps1'
[0.571s] INFO:colcon.colcon_core.shell:Creating prefix util module '/home/matija-pongracic/PAS/PAS_DZ_01/install/_local_setup_util_ps1.py'
[0.572s] INFO:colcon.colcon_core.shell:Creating prefix chain script '/home/matija-pongracic/PAS/PAS_DZ_01/install/setup.ps1'
[0.573s] INFO:colcon.colcon_core.shell:Creating prefix script '/home/matija-pongracic/PAS/PAS_DZ_01/install/local_setup.sh'
[0.574s] INFO:colcon.colcon_core.shell:Creating prefix util module '/home/matija-pongracic/PAS/PAS_DZ_01/install/_local_setup_util_sh.py'
[0.574s] INFO:colcon.colcon_core.shell:Creating prefix chain script '/home/matija-pongracic/PAS/PAS_DZ_01/install/setup.sh'
[0.575s] INFO:colcon.colcon_core.shell:Creating prefix script '/home/matija-pongracic/PAS/PAS_DZ_01/install/local_setup.bash'
[0.577s] INFO:colcon.colcon_core.shell:Creating prefix chain script '/home/matija-pongracic/PAS/PAS_DZ_01/install/setup.bash'
[0.579s] INFO:colcon.colcon_core.shell:Creating prefix script '/home/matija-pongracic/PAS/PAS_DZ_01/install/local_setup.zsh'
[0.580s] INFO:colcon.colcon_core.shell:Creating prefix chain script '/home/matija-pongracic/PAS/PAS_DZ_01/install/setup.zsh'
