-- Install configuration: ""
-- Up-to-date: /home/matija-pongracic/PAS/PAS_DZ_01/install/my_robot_bringup/share/my_robot_bringup/config
-- Up-to-date: /home/matija-pongracic/PAS/PAS_DZ_01/install/my_robot_bringup/share/my_robot_bringup/config/my_robot_controllers.yaml
-- Up-to-date: /home/matija-pongracic/PAS/PAS_DZ_01/install/my_robot_bringup/share/my_robot_bringup/config/my_forward_position_publisher.yaml
-- Installing: /home/matija-pongracic/PAS/PAS_DZ_01/install/my_robot_bringup/share/my_robot_bringup/config/my_joint_trajectory_publisher.yaml
-- Up-to-date: /home/matija-pongracic/PAS/PAS_DZ_01/install/my_robot_bringup/share/my_robot_bringup/launch
-- Up-to-date: /home/matija-pongracic/PAS/PAS_DZ_01/install/my_robot_bringup/share/my_robot_bringup/launch/my_robot.launch.py
-- Up-to-date: /home/matija-pongracic/PAS/PAS_DZ_01/install/my_robot_bringup/share/my_robot_bringup/launch/run_joint_trajectory_controller.launch.py
-- Up-to-date: /home/matija-pongracic/PAS/PAS_DZ_01/install/my_robot_bringup/share/my_robot_bringup/launch/run_forward_position_controller.launch.py
-- Up-to-date: /home/matija-pongracic/PAS/PAS_DZ_01/install/my_robot_bringup/share/ament_index/resource_index/package_run_dependencies/my_robot_bringup
-- Up-to-date: /home/matija-pongracic/PAS/PAS_DZ_01/install/my_robot_bringup/share/ament_index/resource_index/parent_prefix_path/my_robot_bringup
-- Up-to-date: /home/matija-pongracic/PAS/PAS_DZ_01/install/my_robot_bringup/share/my_robot_bringup/environment/ament_prefix_path.sh
-- Up-to-date: /home/matija-pongracic/PAS/PAS_DZ_01/install/my_robot_bringup/share/my_robot_bringup/environment/ament_prefix_path.dsv
-- Up-to-date: /home/matija-pongracic/PAS/PAS_DZ_01/install/my_robot_bringup/share/my_robot_bringup/environment/path.sh
-- Up-to-date: /home/matija-pongracic/PAS/PAS_DZ_01/install/my_robot_bringup/share/my_robot_bringup/environment/path.dsv
-- Up-to-date: /home/matija-pongracic/PAS/PAS_DZ_01/install/my_robot_bringup/share/my_robot_bringup/local_setup.bash
-- Up-to-date: /home/matija-pongracic/PAS/PAS_DZ_01/install/my_robot_bringup/share/my_robot_bringup/local_setup.sh
-- Up-to-date: /home/matija-pongracic/PAS/PAS_DZ_01/install/my_robot_bringup/share/my_robot_bringup/local_setup.zsh
-- Up-to-date: /home/matija-pongracic/PAS/PAS_DZ_01/install/my_robot_bringup/share/my_robot_bringup/local_setup.dsv
-- Installing: /home/matija-pongracic/PAS/PAS_DZ_01/install/my_robot_bringup/share/my_robot_bringup/package.dsv
-- Up-to-date: /home/matija-pongracic/PAS/PAS_DZ_01/install/my_robot_bringup/share/ament_index/resource_index/packages/my_robot_bringup
-- Up-to-date: /home/matija-pongracic/PAS/PAS_DZ_01/install/my_robot_bringup/share/my_robot_bringup/cmake/my_robot_bringupConfig.cmake
-- Up-to-date: /home/matija-pongracic/PAS/PAS_DZ_01/install/my_robot_bringup/share/my_robot_bringup/cmake/my_robot_bringupConfig-version.cmake
-- Up-to-date: /home/matija-pongracic/PAS/PAS_DZ_01/install/my_robot_bringup/share/my_robot_bringup/package.xml
