[0.013s] Invoking command in '/home/matija-pongracic/PAS/PAS_DZ_01/build/fanuc_resources': CMAKE_PREFIX_PATH=${CMAKE_PREFIX_PATH}:/opt/ros/humble /usr/bin/cmake --build /home/matija-pongracic/PAS/PAS_DZ_01/build/fanuc_resources -- -j12 -l12
[0.063s] Invoked command in '/home/matija-pongracic/PAS/PAS_DZ_01/build/fanuc_resources' returned '0': CMAKE_PREFIX_PATH=${CMAKE_PREFIX_PATH}:/opt/ros/humble /usr/bin/cmake --build /home/matija-pongracic/PAS/PAS_DZ_01/build/fanuc_resources -- -j12 -l12
[0.065s] Invoking command in '/home/matija-pongracic/PAS/PAS_DZ_01/build/fanuc_resources': CMAKE_PREFIX_PATH=${CMAKE_PREFIX_PATH}:/opt/ros/humble /usr/bin/cmake --install /home/matija-pongracic/PAS/PAS_DZ_01/build/fanuc_resources
[0.079s] -- Install configuration: ""
[0.079s] -- Up-to-date: /home/matija-pongracic/PAS/PAS_DZ_01/install/fanuc_resources/share/fanuc_resources//urdf
[0.079s] -- Up-to-date: /home/matija-pongracic/PAS/PAS_DZ_01/install/fanuc_resources/share/fanuc_resources//urdf/common_colours.xacro
[0.079s] -- Up-to-date: /home/matija-pongracic/PAS/PAS_DZ_01/install/fanuc_resources/share/fanuc_resources//urdf/common_materials.xacro
[0.079s] -- Up-to-date: /home/matija-pongracic/PAS/PAS_DZ_01/install/fanuc_resources/share/ament_index/resource_index/package_run_dependencies/fanuc_resources
[0.080s] -- Up-to-date: /home/matija-pongracic/PAS/PAS_DZ_01/install/fanuc_resources/share/ament_index/resource_index/parent_prefix_path/fanuc_resources
[0.080s] -- Up-to-date: /home/matija-pongracic/PAS/PAS_DZ_01/install/fanuc_resources/share/fanuc_resources/environment/ament_prefix_path.sh
[0.080s] -- Up-to-date: /home/matija-pongracic/PAS/PAS_DZ_01/install/fanuc_resources/share/fanuc_resources/environment/ament_prefix_path.dsv
[0.080s] -- Up-to-date: /home/matija-pongracic/PAS/PAS_DZ_01/install/fanuc_resources/share/fanuc_resources/environment/path.sh
[0.080s] -- Up-to-date: /home/matija-pongracic/PAS/PAS_DZ_01/install/fanuc_resources/share/fanuc_resources/environment/path.dsv
[0.080s] -- Up-to-date: /home/matija-pongracic/PAS/PAS_DZ_01/install/fanuc_resources/share/fanuc_resources/local_setup.bash
[0.080s] -- Up-to-date: /home/matija-pongracic/PAS/PAS_DZ_01/install/fanuc_resources/share/fanuc_resources/local_setup.sh
[0.080s] -- Up-to-date: /home/matija-pongracic/PAS/PAS_DZ_01/install/fanuc_resources/share/fanuc_resources/local_setup.zsh
[0.080s] -- Up-to-date: /home/matija-pongracic/PAS/PAS_DZ_01/install/fanuc_resources/share/fanuc_resources/local_setup.dsv
[0.080s] -- Installing: /home/matija-pongracic/PAS/PAS_DZ_01/install/fanuc_resources/share/fanuc_resources/package.dsv
[0.081s] -- Up-to-date: /home/matija-pongracic/PAS/PAS_DZ_01/install/fanuc_resources/share/ament_index/resource_index/packages/fanuc_resources
[0.081s] -- Up-to-date: /home/matija-pongracic/PAS/PAS_DZ_01/install/fanuc_resources/share/fanuc_resources/cmake/fanuc_resourcesConfig.cmake
[0.081s] -- Up-to-date: /home/matija-pongracic/PAS/PAS_DZ_01/install/fanuc_resources/share/fanuc_resources/cmake/fanuc_resourcesConfig-version.cmake
[0.081s] -- Up-to-date: /home/matija-pongracic/PAS/PAS_DZ_01/install/fanuc_resources/share/fanuc_resources/package.xml
[0.106s] Invoked command in '/home/matija-pongracic/PAS/PAS_DZ_01/build/fanuc_resources' returned '0': CMAKE_PREFIX_PATH=${CMAKE_PREFIX_PATH}:/opt/ros/humble /usr/bin/cmake --install /home/matija-pongracic/PAS/PAS_DZ_01/build/fanuc_resources
