[0.015s] Invoking command in '/home/matija-pongracic/PAS/PAS_DZ_01/build/my_robot_description': CMAKE_PREFIX_PATH=${CMAKE_PREFIX_PATH}:/opt/ros/humble /usr/bin/cmake /home/matija-pongracic/PAS/PAS_DZ_01/src/my_robot_description -DCMAKE_INSTALL_PREFIX=/home/matija-pongracic/PAS/PAS_DZ_01/install/my_robot_description
[0.074s] -- The C compiler identification is GNU 11.4.0
[0.126s] -- The CXX compiler identification is GNU 11.4.0
[0.134s] -- Detecting C compiler ABI info
[0.201s] -- Detecting C compiler ABI info - done
[0.209s] -- Check for working C compiler: /usr/bin/cc - skipped
[0.209s] -- Detecting C compile features
[0.210s] -- Detecting C compile features - done
[0.212s] -- Detecting CXX compiler ABI info
[0.288s] -- Detecting CXX compiler ABI info - done
[0.297s] -- Check for working CXX compiler: /usr/bin/c++ - skipped
[0.298s] -- Detecting CXX compile features
[0.298s] -- Detecting CXX compile features - done
[0.301s] -- Found ament_cmake: 1.3.12 (/opt/ros/humble/share/ament_cmake/cmake)
[0.415s] -- Found Python3: /usr/bin/python3 (found version "3.10.12") found components: Interpreter 
[0.488s] -- Found ament_lint_auto: 0.12.14 (/opt/ros/humble/share/ament_lint_auto/cmake)
[0.571s] -- Added test 'flake8' to check Python code syntax and style conventions
[0.571s] -- Added test 'lint_cmake' to check CMake code style
[0.572s] -- Added test 'pep257' to check Python code against some of the docstring style conventions in PEP 257
[0.572s] -- Added test 'xmllint' to check XML markup files
[0.573s] -- Configuring done
[0.574s] -- Generating done
[0.575s] -- Build files have been written to: /home/matija-pongracic/PAS/PAS_DZ_01/build/my_robot_description
[0.578s] Invoked command in '/home/matija-pongracic/PAS/PAS_DZ_01/build/my_robot_description' returned '0': CMAKE_PREFIX_PATH=${CMAKE_PREFIX_PATH}:/opt/ros/humble /usr/bin/cmake /home/matija-pongracic/PAS/PAS_DZ_01/src/my_robot_description -DCMAKE_INSTALL_PREFIX=/home/matija-pongracic/PAS/PAS_DZ_01/install/my_robot_description
[0.581s] Invoking command in '/home/matija-pongracic/PAS/PAS_DZ_01/build/my_robot_description': CMAKE_PREFIX_PATH=${CMAKE_PREFIX_PATH}:/opt/ros/humble /usr/bin/cmake --build /home/matija-pongracic/PAS/PAS_DZ_01/build/my_robot_description -- -j12 -l12
[0.624s] Invoked command in '/home/matija-pongracic/PAS/PAS_DZ_01/build/my_robot_description' returned '0': CMAKE_PREFIX_PATH=${CMAKE_PREFIX_PATH}:/opt/ros/humble /usr/bin/cmake --build /home/matija-pongracic/PAS/PAS_DZ_01/build/my_robot_description -- -j12 -l12
[0.632s] Invoking command in '/home/matija-pongracic/PAS/PAS_DZ_01/build/my_robot_description': CMAKE_PREFIX_PATH=${CMAKE_PREFIX_PATH}:/opt/ros/humble /usr/bin/cmake --install /home/matija-pongracic/PAS/PAS_DZ_01/build/my_robot_description
[0.640s] -- Install configuration: ""
[0.640s] -- Installing: /home/matija-pongracic/PAS/PAS_DZ_01/install/my_robot_description/share/my_robot_description/launch
[0.640s] -- Installing: /home/matija-pongracic/PAS/PAS_DZ_01/install/my_robot_description/share/my_robot_description/launch/display.launch.py
[0.640s] -- Installing: /home/matija-pongracic/PAS/PAS_DZ_01/install/my_robot_description/share/my_robot_description/rviz
[0.641s] -- Installing: /home/matija-pongracic/PAS/PAS_DZ_01/install/my_robot_description/share/my_robot_description/rviz/config.rviz
[0.641s] -- Installing: /home/matija-pongracic/PAS/PAS_DZ_01/install/my_robot_description/share/ament_index/resource_index/package_run_dependencies/my_robot_description
[0.641s] -- Installing: /home/matija-pongracic/PAS/PAS_DZ_01/install/my_robot_description/share/ament_index/resource_index/parent_prefix_path/my_robot_description
[0.642s] -- Installing: /home/matija-pongracic/PAS/PAS_DZ_01/install/my_robot_description/share/my_robot_description/environment/ament_prefix_path.sh
[0.642s] -- Installing: /home/matija-pongracic/PAS/PAS_DZ_01/install/my_robot_description/share/my_robot_description/environment/ament_prefix_path.dsv
[0.642s] -- Installing: /home/matija-pongracic/PAS/PAS_DZ_01/install/my_robot_description/share/my_robot_description/environment/path.sh
[0.642s] -- Installing: /home/matija-pongracic/PAS/PAS_DZ_01/install/my_robot_description/share/my_robot_description/environment/path.dsv
[0.643s] -- Installing: /home/matija-pongracic/PAS/PAS_DZ_01/install/my_robot_description/share/my_robot_description/local_setup.bash
[0.643s] -- Installing: /home/matija-pongracic/PAS/PAS_DZ_01/install/my_robot_description/share/my_robot_description/local_setup.sh
[0.644s] -- Installing: /home/matija-pongracic/PAS/PAS_DZ_01/install/my_robot_description/share/my_robot_description/local_setup.zsh
[0.644s] -- Installing: /home/matija-pongracic/PAS/PAS_DZ_01/install/my_robot_description/share/my_robot_description/local_setup.dsv
[0.644s] -- Installing: /home/matija-pongracic/PAS/PAS_DZ_01/install/my_robot_description/share/my_robot_description/package.dsv
[0.644s] -- Installing: /home/matija-pongracic/PAS/PAS_DZ_01/install/my_robot_description/share/ament_index/resource_index/packages/my_robot_description
[0.644s] -- Installing: /home/matija-pongracic/PAS/PAS_DZ_01/install/my_robot_description/share/my_robot_description/cmake/my_robot_descriptionConfig.cmake
[0.645s] -- Installing: /home/matija-pongracic/PAS/PAS_DZ_01/install/my_robot_description/share/my_robot_description/cmake/my_robot_descriptionConfig-version.cmake
[0.645s] -- Installing: /home/matija-pongracic/PAS/PAS_DZ_01/install/my_robot_description/share/my_robot_description/package.xml
[0.649s] Invoked command in '/home/matija-pongracic/PAS/PAS_DZ_01/build/my_robot_description' returned '0': CMAKE_PREFIX_PATH=${CMAKE_PREFIX_PATH}:/opt/ros/humble /usr/bin/cmake --install /home/matija-pongracic/PAS/PAS_DZ_01/build/my_robot_description
