[0.013s] Invoking command in '/home/matija-pongracic/PAS/PAS_DZ_01/build/fanuc_resources': CMAKE_PREFIX_PATH=${CMAKE_PREFIX_PATH}:/opt/ros/humble /usr/bin/cmake /home/matija-pongracic/PAS/PAS_DZ_01/src/fanuc_resources -DCMAKE_INSTALL_PREFIX=/home/matija-pongracic/PAS/PAS_DZ_01/install/fanuc_resources
[0.076s] -- The C compiler identification is GNU 11.4.0
[0.128s] -- The CXX compiler identification is GNU 11.4.0
[0.136s] -- Detecting C compiler ABI info
[0.210s] -- Detecting C compiler ABI info - done
[0.220s] -- Check for working C compiler: /usr/bin/cc - skipped
[0.220s] -- Detecting C compile features
[0.220s] -- Detecting C compile features - done
[0.225s] -- Detecting CXX compiler ABI info
[0.306s] -- Detecting CXX compiler ABI info - done
[0.316s] -- Check for working CXX compiler: /usr/bin/c++ - skipped
[0.316s] -- Detecting CXX compile features
[0.317s] -- Detecting CXX compile features - done
[0.319s] -- Found ament_cmake: 1.3.12 (/opt/ros/humble/share/ament_cmake/cmake)
[0.483s] -- Found Python3: /usr/bin/python3 (found version "3.10.12") found components: Interpreter 
[0.559s] -- Found ament_lint_auto: 0.12.14 (/opt/ros/humble/share/ament_lint_auto/cmake)
[0.628s] -- Added test 'lint_cmake' to check CMake code style
[0.630s] -- Added test 'xmllint' to check XML markup files
[0.631s] -- Configuring done
[0.634s] -- Generating done
[0.635s] -- Build files have been written to: /home/matija-pongracic/PAS/PAS_DZ_01/build/fanuc_resources
[0.642s] Invoked command in '/home/matija-pongracic/PAS/PAS_DZ_01/build/fanuc_resources' returned '0': CMAKE_PREFIX_PATH=${CMAKE_PREFIX_PATH}:/opt/ros/humble /usr/bin/cmake /home/matija-pongracic/PAS/PAS_DZ_01/src/fanuc_resources -DCMAKE_INSTALL_PREFIX=/home/matija-pongracic/PAS/PAS_DZ_01/install/fanuc_resources
[0.644s] Invoking command in '/home/matija-pongracic/PAS/PAS_DZ_01/build/fanuc_resources': CMAKE_PREFIX_PATH=${CMAKE_PREFIX_PATH}:/opt/ros/humble /usr/bin/cmake --build /home/matija-pongracic/PAS/PAS_DZ_01/build/fanuc_resources -- -j12 -l12
[0.684s] Invoked command in '/home/matija-pongracic/PAS/PAS_DZ_01/build/fanuc_resources' returned '0': CMAKE_PREFIX_PATH=${CMAKE_PREFIX_PATH}:/opt/ros/humble /usr/bin/cmake --build /home/matija-pongracic/PAS/PAS_DZ_01/build/fanuc_resources -- -j12 -l12
[0.686s] Invoking command in '/home/matija-pongracic/PAS/PAS_DZ_01/build/fanuc_resources': CMAKE_PREFIX_PATH=${CMAKE_PREFIX_PATH}:/opt/ros/humble /usr/bin/cmake --install /home/matija-pongracic/PAS/PAS_DZ_01/build/fanuc_resources
[0.693s] -- Install configuration: ""
[0.693s] -- Installing: /home/matija-pongracic/PAS/PAS_DZ_01/install/fanuc_resources/share/fanuc_resources//urdf
[0.693s] -- Installing: /home/matija-pongracic/PAS/PAS_DZ_01/install/fanuc_resources/share/fanuc_resources//urdf/common_colours.xacro
[0.693s] -- Installing: /home/matija-pongracic/PAS/PAS_DZ_01/install/fanuc_resources/share/fanuc_resources//urdf/common_materials.xacro
[0.693s] -- Installing: /home/matija-pongracic/PAS/PAS_DZ_01/install/fanuc_resources/share/ament_index/resource_index/package_run_dependencies/fanuc_resources
[0.694s] -- Installing: /home/matija-pongracic/PAS/PAS_DZ_01/install/fanuc_resources/share/ament_index/resource_index/parent_prefix_path/fanuc_resources
[0.694s] -- Installing: /home/matija-pongracic/PAS/PAS_DZ_01/install/fanuc_resources/share/fanuc_resources/environment/ament_prefix_path.sh
[0.694s] -- Installing: /home/matija-pongracic/PAS/PAS_DZ_01/install/fanuc_resources/share/fanuc_resources/environment/ament_prefix_path.dsv
[0.694s] -- Installing: /home/matija-pongracic/PAS/PAS_DZ_01/install/fanuc_resources/share/fanuc_resources/environment/path.sh
[0.694s] -- Installing: /home/matija-pongracic/PAS/PAS_DZ_01/install/fanuc_resources/share/fanuc_resources/environment/path.dsv
[0.694s] -- Installing: /home/matija-pongracic/PAS/PAS_DZ_01/install/fanuc_resources/share/fanuc_resources/local_setup.bash
[0.694s] -- Installing: /home/matija-pongracic/PAS/PAS_DZ_01/install/fanuc_resources/share/fanuc_resources/local_setup.sh
[0.695s] -- Installing: /home/matija-pongracic/PAS/PAS_DZ_01/install/fanuc_resources/share/fanuc_resources/local_setup.zsh
[0.695s] -- Installing: /home/matija-pongracic/PAS/PAS_DZ_01/install/fanuc_resources/share/fanuc_resources/local_setup.dsv
[0.695s] -- Installing: /home/matija-pongracic/PAS/PAS_DZ_01/install/fanuc_resources/share/fanuc_resources/package.dsv
[0.695s] -- Installing: /home/matija-pongracic/PAS/PAS_DZ_01/install/fanuc_resources/share/ament_index/resource_index/packages/fanuc_resources
[0.695s] -- Installing: /home/matija-pongracic/PAS/PAS_DZ_01/install/fanuc_resources/share/fanuc_resources/cmake/fanuc_resourcesConfig.cmake
[0.695s] -- Installing: /home/matija-pongracic/PAS/PAS_DZ_01/install/fanuc_resources/share/fanuc_resources/cmake/fanuc_resourcesConfig-version.cmake
[0.695s] -- Installing: /home/matija-pongracic/PAS/PAS_DZ_01/install/fanuc_resources/share/fanuc_resources/package.xml
[0.708s] Invoked command in '/home/matija-pongracic/PAS/PAS_DZ_01/build/fanuc_resources' returned '0': CMAKE_PREFIX_PATH=${CMAKE_PREFIX_PATH}:/opt/ros/humble /usr/bin/cmake --install /home/matija-pongracic/PAS/PAS_DZ_01/build/fanuc_resources
