-- Install configuration: ""
-- Up-to-date: /home/matija-pongracic/PAS/PAS_DZ_01/install/fanuc_m900ib_support/share/fanuc_m900ib_support//urdf
-- Up-to-date: /home/matija-pongracic/PAS/PAS_DZ_01/install/fanuc_m900ib_support/share/fanuc_m900ib_support//urdf/m900ib700_macro.xacro
-- Up-to-date: /home/matija-pongracic/PAS/PAS_DZ_01/install/fanuc_m900ib_support/share/fanuc_m900ib_support//urdf/m900ib700.xacro
-- Up-to-date: /home/matija-pongracic/PAS/PAS_DZ_01/install/fanuc_m900ib_support/share/fanuc_m900ib_support//urdf/m900ib700.ros2_control.xacro
-- Up-to-date: /home/matija-pongracic/PAS/PAS_DZ_01/install/fanuc_m900ib_support/share/fanuc_m900ib_support//meshes
-- Up-to-date: /home/matija-pongracic/PAS/PAS_DZ_01/install/fanuc_m900ib_support/share/fanuc_m900ib_support//meshes/m900ib700
-- Up-to-date: /home/matija-pongracic/PAS/PAS_DZ_01/install/fanuc_m900ib_support/share/fanuc_m900ib_support//meshes/m900ib700/collision
-- Up-to-date: /home/matija-pongracic/PAS/PAS_DZ_01/install/fanuc_m900ib_support/share/fanuc_m900ib_support//meshes/m900ib700/collision/forklift_pockets.stl
-- Up-to-date: /home/matija-pongracic/PAS/PAS_DZ_01/install/fanuc_m900ib_support/share/fanuc_m900ib_support//meshes/m900ib700/collision/bar.stl
-- Up-to-date: /home/matija-pongracic/PAS/PAS_DZ_01/install/fanuc_m900ib_support/share/fanuc_m900ib_support//meshes/m900ib700/collision/link_6.stl
-- Up-to-date: /home/matija-pongracic/PAS/PAS_DZ_01/install/fanuc_m900ib_support/share/fanuc_m900ib_support//meshes/m900ib700/collision/piston.stl
-- Up-to-date: /home/matija-pongracic/PAS/PAS_DZ_01/install/fanuc_m900ib_support/share/fanuc_m900ib_support//meshes/m900ib700/collision/link_3.stl
-- Up-to-date: /home/matija-pongracic/PAS/PAS_DZ_01/install/fanuc_m900ib_support/share/fanuc_m900ib_support//meshes/m900ib700/collision/link_5.stl
-- Up-to-date: /home/matija-pongracic/PAS/PAS_DZ_01/install/fanuc_m900ib_support/share/fanuc_m900ib_support//meshes/m900ib700/collision/base_link.stl
-- Up-to-date: /home/matija-pongracic/PAS/PAS_DZ_01/install/fanuc_m900ib_support/share/fanuc_m900ib_support//meshes/m900ib700/collision/link_4.stl
-- Up-to-date: /home/matija-pongracic/PAS/PAS_DZ_01/install/fanuc_m900ib_support/share/fanuc_m900ib_support//meshes/m900ib700/collision/counterweight.stl
-- Up-to-date: /home/matija-pongracic/PAS/PAS_DZ_01/install/fanuc_m900ib_support/share/fanuc_m900ib_support//meshes/m900ib700/collision/link_1.stl
-- Up-to-date: /home/matija-pongracic/PAS/PAS_DZ_01/install/fanuc_m900ib_support/share/fanuc_m900ib_support//meshes/m900ib700/collision/balancer.stl
-- Up-to-date: /home/matija-pongracic/PAS/PAS_DZ_01/install/fanuc_m900ib_support/share/fanuc_m900ib_support//meshes/m900ib700/collision/link_2.stl
-- Up-to-date: /home/matija-pongracic/PAS/PAS_DZ_01/install/fanuc_m900ib_support/share/fanuc_m900ib_support//meshes/m900ib700/visual
-- Up-to-date: /home/matija-pongracic/PAS/PAS_DZ_01/install/fanuc_m900ib_support/share/fanuc_m900ib_support//meshes/m900ib700/visual/forklift_pockets.stl
-- Up-to-date: /home/matija-pongracic/PAS/PAS_DZ_01/install/fanuc_m900ib_support/share/fanuc_m900ib_support//meshes/m900ib700/visual/bar.stl
-- Up-to-date: /home/matija-pongracic/PAS/PAS_DZ_01/install/fanuc_m900ib_support/share/fanuc_m900ib_support//meshes/m900ib700/visual/link_6.stl
-- Up-to-date: /home/matija-pongracic/PAS/PAS_DZ_01/install/fanuc_m900ib_support/share/fanuc_m900ib_support//meshes/m900ib700/visual/piston.stl
-- Up-to-date: /home/matija-pongracic/PAS/PAS_DZ_01/install/fanuc_m900ib_support/share/fanuc_m900ib_support//meshes/m900ib700/visual/link_3.stl
-- Up-to-date: /home/matija-pongracic/PAS/PAS_DZ_01/install/fanuc_m900ib_support/share/fanuc_m900ib_support//meshes/m900ib700/visual/link_5.stl
-- Up-to-date: /home/matija-pongracic/PAS/PAS_DZ_01/install/fanuc_m900ib_support/share/fanuc_m900ib_support//meshes/m900ib700/visual/base_link.stl
-- Up-to-date: /home/matija-pongracic/PAS/PAS_DZ_01/install/fanuc_m900ib_support/share/fanuc_m900ib_support//meshes/m900ib700/visual/link_4.stl
-- Up-to-date: /home/matija-pongracic/PAS/PAS_DZ_01/install/fanuc_m900ib_support/share/fanuc_m900ib_support//meshes/m900ib700/visual/counterweight.stl
-- Up-to-date: /home/matija-pongracic/PAS/PAS_DZ_01/install/fanuc_m900ib_support/share/fanuc_m900ib_support//meshes/m900ib700/visual/link_1.stl
-- Up-to-date: /home/matija-pongracic/PAS/PAS_DZ_01/install/fanuc_m900ib_support/share/fanuc_m900ib_support//meshes/m900ib700/visual/balancer.stl
-- Up-to-date: /home/matija-pongracic/PAS/PAS_DZ_01/install/fanuc_m900ib_support/share/fanuc_m900ib_support//meshes/m900ib700/visual/link_2.stl
-- Up-to-date: /home/matija-pongracic/PAS/PAS_DZ_01/install/fanuc_m900ib_support/share/ament_index/resource_index/package_run_dependencies/fanuc_m900ib_support
-- Up-to-date: /home/matija-pongracic/PAS/PAS_DZ_01/install/fanuc_m900ib_support/share/ament_index/resource_index/parent_prefix_path/fanuc_m900ib_support
-- Up-to-date: /home/matija-pongracic/PAS/PAS_DZ_01/install/fanuc_m900ib_support/share/fanuc_m900ib_support/environment/ament_prefix_path.sh
-- Up-to-date: /home/matija-pongracic/PAS/PAS_DZ_01/install/fanuc_m900ib_support/share/fanuc_m900ib_support/environment/ament_prefix_path.dsv
-- Up-to-date: /home/matija-pongracic/PAS/PAS_DZ_01/install/fanuc_m900ib_support/share/fanuc_m900ib_support/environment/path.sh
-- Up-to-date: /home/matija-pongracic/PAS/PAS_DZ_01/install/fanuc_m900ib_support/share/fanuc_m900ib_support/environment/path.dsv
-- Up-to-date: /home/matija-pongracic/PAS/PAS_DZ_01/install/fanuc_m900ib_support/share/fanuc_m900ib_support/local_setup.bash
-- Up-to-date: /home/matija-pongracic/PAS/PAS_DZ_01/install/fanuc_m900ib_support/share/fanuc_m900ib_support/local_setup.sh
-- Up-to-date: /home/matija-pongracic/PAS/PAS_DZ_01/install/fanuc_m900ib_support/share/fanuc_m900ib_support/local_setup.zsh
-- Up-to-date: /home/matija-pongracic/PAS/PAS_DZ_01/install/fanuc_m900ib_support/share/fanuc_m900ib_support/local_setup.dsv
-- Installing: /home/matija-pongracic/PAS/PAS_DZ_01/install/fanuc_m900ib_support/share/fanuc_m900ib_support/package.dsv
-- Up-to-date: /home/matija-pongracic/PAS/PAS_DZ_01/install/fanuc_m900ib_support/share/ament_index/resource_index/packages/fanuc_m900ib_support
-- Up-to-date: /home/matija-pongracic/PAS/PAS_DZ_01/install/fanuc_m900ib_support/share/fanuc_m900ib_support/cmake/fanuc_m900ib_supportConfig.cmake
-- Up-to-date: /home/matija-pongracic/PAS/PAS_DZ_01/install/fanuc_m900ib_support/share/fanuc_m900ib_support/cmake/fanuc_m900ib_supportConfig-version.cmake
-- Up-to-date: /home/matija-pongracic/PAS/PAS_DZ_01/install/fanuc_m900ib_support/share/fanuc_m900ib_support/package.xml
